<?xml version="1.0" encoding="utf-8"?>
<CoverageSession xmlns:xsd="http://www.w3.org/2001/XMLSchema" xmlns:xsi="http://www.w3.org/2001/XMLSchema-instance" Version="0.0.0.0">
  <Summary numSequencePoints="923" visitedSequencePoints="474" numBranchPoints="0" visitedBranchPoints="0" sequenceCoverage="51.35" branchCoverage="0.0" maxCyclomaticComplexity="0" minCyclomaticComplexity="0" maxCrapScore="0" minCrapScore="0" visitedClasses="11" numClasses="16" visitedMethods="28" numMethods="59" />
  <Modules>
    <Module>
      <Summary numSequencePoints="801" visitedSequencePoints="355" numBranchPoints="0" visitedBranchPoints="0" sequenceCoverage="44.32" branchCoverage="0.0" maxCyclomaticComplexity="0" minCyclomaticComplexity="0" maxCrapScore="0" minCrapScore="0" visitedClasses="4" numClasses="9" visitedMethods="21" numMethods="52" />
      <ModuleTime>0001-01-01T00:00:00</ModuleTime>
      <ModuleName>GridManagerAssembly</ModuleName>
      <Files>
        <File uid="1" fullPath="C:/Users/sable/Desktop/CEN4010 T2 Repo/T2/PA4/TicTacToe(v1.3)/Assets/Scripts/EndGame.cs" />
        <File uid="2" fullPath="C:/Users/sable/Desktop/CEN4010 T2 Repo/T2/PA4/TicTacToe(v1.3)/Assets/Scripts/GameTimer.cs" />
        <File uid="3" fullPath="C:/Users/sable/Desktop/CEN4010 T2 Repo/T2/PA4/TicTacToe(v1.3)/Assets/Scripts/GridManager.cs" />
        <File uid="4" fullPath="C:/Users/sable/Desktop/CEN4010 T2 Repo/T2/PA4/TicTacToe(v1.3)/Assets/Scripts/MenuScripts/CheckStarter.cs" />
        <File uid="5" fullPath="C:/Users/sable/Desktop/CEN4010 T2 Repo/T2/PA4/TicTacToe(v1.3)/Assets/Scripts/MenuScripts/MainMenu.cs" />
        <File uid="6" fullPath="C:/Users/sable/Desktop/CEN4010 T2 Repo/T2/PA4/TicTacToe(v1.3)/Assets/Scripts/Particles.cs" />
        <File uid="7" fullPath="C:/Users/sable/Desktop/CEN4010 T2 Repo/T2/PA4/TicTacToe(v1.3)/Assets/Scripts/Scene.cs" />
        <File uid="8" fullPath="C:/Users/sable/Desktop/CEN4010 T2 Repo/T2/PA4/TicTacToe(v1.3)/Assets/Scripts/SoundManager.cs" />
      </Files>
      <Classes>
        <Class>
          <Summary numSequencePoints="8" visitedSequencePoints="0" numBranchPoints="0" visitedBranchPoints="0" sequenceCoverage="0.0" branchCoverage="0.0" maxCyclomaticComplexity="0" minCyclomaticComplexity="0" maxCrapScore="0" minCrapScore="0" visitedClasses="0" numClasses="1" visitedMethods="0" numMethods="2" />
          <FullName>EndGame</FullName>
          <Methods>
            <Method visited="false" cyclomaticComplexity="0" nPathComplexity="0" sequenceCoverage="0.0" branchCoverage="0" crapScore="0" isConstructor="false" isStatic="false" isGetter="false" isSetter="false">
              <Summary numSequencePoints="4" visitedSequencePoints="0" numBranchPoints="0" visitedBranchPoints="0" sequenceCoverage="0.0" branchCoverage="0" maxCyclomaticComplexity="0" minCyclomaticComplexity="0" maxCrapScore="0" minCrapScore="0" visitedClasses="0" numClasses="0" visitedMethods="0" numMethods="1" />
              <MetadataToken>100663297</MetadataToken>
              <Name>System.Void EndGame::PlayAgain()</Name>
              <FileRef uid="1" />
              <SequencePoints>
                <SequencePoint vc="0" uspid="1" ordinal="0" offset="0" sl="6" sc="0" el="6" ec="0" bec="0" bev="0" fileid="1" />
                <SequencePoint vc="0" uspid="2" ordinal="0" offset="1" sl="7" sc="0" el="7" ec="0" bec="0" bev="0" fileid="1" />
                <SequencePoint vc="0" uspid="3" ordinal="0" offset="12" sl="8" sc="0" el="8" ec="0" bec="0" bev="0" fileid="1" />
                <SequencePoint vc="0" uspid="4" ordinal="0" offset="23" sl="9" sc="0" el="9" ec="0" bec="0" bev="0" fileid="1" />
              </SequencePoints>
              <BranchPoints />
            </Method>
            <Method visited="false" cyclomaticComplexity="0" nPathComplexity="0" sequenceCoverage="0.0" branchCoverage="0" crapScore="0" isConstructor="false" isStatic="false" isGetter="false" isSetter="false">
              <Summary numSequencePoints="4" visitedSequencePoints="0" numBranchPoints="0" visitedBranchPoints="0" sequenceCoverage="0.0" branchCoverage="0" maxCyclomaticComplexity="0" minCyclomaticComplexity="0" maxCrapScore="0" minCrapScore="0" visitedClasses="0" numClasses="0" visitedMethods="0" numMethods="1" />
              <MetadataToken>100663298</MetadataToken>
              <Name>System.Void EndGame::ReturnToMenu()</Name>
              <FileRef uid="1" />
              <SequencePoints>
                <SequencePoint vc="0" uspid="5" ordinal="0" offset="0" sl="11" sc="0" el="11" ec="0" bec="0" bev="0" fileid="1" />
                <SequencePoint vc="0" uspid="6" ordinal="0" offset="1" sl="12" sc="0" el="12" ec="0" bec="0" bev="0" fileid="1" />
                <SequencePoint vc="0" uspid="7" ordinal="0" offset="12" sl="13" sc="0" el="13" ec="0" bec="0" bev="0" fileid="1" />
                <SequencePoint vc="0" uspid="8" ordinal="0" offset="23" sl="14" sc="0" el="14" ec="0" bec="0" bev="0" fileid="1" />
              </SequencePoints>
              <BranchPoints />
            </Method>
          </Methods>
        </Class>
        <Class>
          <Summary numSequencePoints="25" visitedSequencePoints="0" numBranchPoints="0" visitedBranchPoints="0" sequenceCoverage="0.0" branchCoverage="0.0" maxCyclomaticComplexity="0" minCyclomaticComplexity="0" maxCrapScore="0" minCrapScore="0" visitedClasses="0" numClasses="1" visitedMethods="0" numMethods="5" />
          <FullName>GameTimer</FullName>
          <Methods>
            <Method visited="false" cyclomaticComplexity="0" nPathComplexity="0" sequenceCoverage="0.0" branchCoverage="0" crapScore="0" isConstructor="false" isStatic="false" isGetter="false" isSetter="false">
              <Summary numSequencePoints="3" visitedSequencePoints="0" numBranchPoints="0" visitedBranchPoints="0" sequenceCoverage="0.0" branchCoverage="0" maxCyclomaticComplexity="0" minCyclomaticComplexity="0" maxCrapScore="0" minCrapScore="0" visitedClasses="0" numClasses="0" visitedMethods="0" numMethods="1" />
              <MetadataToken>100663300</MetadataToken>
              <Name>System.Void GameTimer::Start()</Name>
              <FileRef uid="2" />
              <SequencePoints>
                <SequencePoint vc="0" uspid="9" ordinal="0" offset="0" sl="14" sc="0" el="14" ec="0" bec="0" bev="0" fileid="2" />
                <SequencePoint vc="0" uspid="10" ordinal="0" offset="1" sl="15" sc="0" el="15" ec="0" bec="0" bev="0" fileid="2" />
                <SequencePoint vc="0" uspid="11" ordinal="0" offset="13" sl="16" sc="0" el="16" ec="0" bec="0" bev="0" fileid="2" />
              </SequencePoints>
              <BranchPoints />
            </Method>
            <Method visited="false" cyclomaticComplexity="0" nPathComplexity="0" sequenceCoverage="0.0" branchCoverage="0" crapScore="0" isConstructor="false" isStatic="false" isGetter="false" isSetter="false">
              <Summary numSequencePoints="12" visitedSequencePoints="0" numBranchPoints="0" visitedBranchPoints="0" sequenceCoverage="0.0" branchCoverage="0" maxCyclomaticComplexity="0" minCyclomaticComplexity="0" maxCrapScore="0" minCrapScore="0" visitedClasses="0" numClasses="0" visitedMethods="0" numMethods="1" />
              <MetadataToken>100663301</MetadataToken>
              <Name>System.Void GameTimer::Update()</Name>
              <FileRef uid="2" />
              <SequencePoints>
                <SequencePoint vc="0" uspid="12" ordinal="0" offset="0" sl="18" sc="0" el="18" ec="0" bec="0" bev="0" fileid="2" />
                <SequencePoint vc="0" uspid="13" ordinal="0" offset="1" sl="19" sc="0" el="19" ec="0" bec="0" bev="0" fileid="2" />
                <SequencePoint vc="0" uspid="14" ordinal="0" offset="11" sl="19" sc="0" el="19" ec="0" bec="0" bev="0" fileid="2" />
                <SequencePoint vc="0" uspid="15" ordinal="0" offset="12" sl="20" sc="0" el="20" ec="0" bec="0" bev="0" fileid="2" />
                <SequencePoint vc="0" uspid="16" ordinal="0" offset="36" sl="21" sc="0" el="21" ec="0" bec="0" bev="0" fileid="2" />
                <SequencePoint vc="0" uspid="17" ordinal="0" offset="64" sl="22" sc="0" el="22" ec="0" bec="0" bev="0" fileid="2" />
                <SequencePoint vc="0" uspid="18" ordinal="0" offset="65" sl="24" sc="0" el="24" ec="0" bec="0" bev="0" fileid="2" />
                <SequencePoint vc="0" uspid="19" ordinal="0" offset="85" sl="24" sc="0" el="24" ec="0" bec="0" bev="0" fileid="2" />
                <SequencePoint vc="0" uspid="20" ordinal="0" offset="86" sl="25" sc="0" el="25" ec="0" bec="0" bev="0" fileid="2" />
                <SequencePoint vc="0" uspid="21" ordinal="0" offset="97" sl="26" sc="0" el="26" ec="0" bec="0" bev="0" fileid="2" />
                <SequencePoint vc="0" uspid="22" ordinal="0" offset="108" sl="27" sc="0" el="27" ec="0" bec="0" bev="0" fileid="2" />
                <SequencePoint vc="0" uspid="23" ordinal="0" offset="109" sl="28" sc="0" el="28" ec="0" bec="0" bev="0" fileid="2" />
              </SequencePoints>
              <BranchPoints />
            </Method>
            <Method visited="false" cyclomaticComplexity="0" nPathComplexity="0" sequenceCoverage="0.0" branchCoverage="0" crapScore="0" isConstructor="false" isStatic="false" isGetter="false" isSetter="false">
              <Summary numSequencePoints="3" visitedSequencePoints="0" numBranchPoints="0" visitedBranchPoints="0" sequenceCoverage="0.0" branchCoverage="0" maxCyclomaticComplexity="0" minCyclomaticComplexity="0" maxCrapScore="0" minCrapScore="0" visitedClasses="0" numClasses="0" visitedMethods="0" numMethods="1" />
              <MetadataToken>100663302</MetadataToken>
              <Name>System.Void GameTimer::PauseTimer()</Name>
              <FileRef uid="2" />
              <SequencePoints>
                <SequencePoint vc="0" uspid="24" ordinal="0" offset="0" sl="30" sc="0" el="30" ec="0" bec="0" bev="0" fileid="2" />
                <SequencePoint vc="0" uspid="25" ordinal="0" offset="1" sl="31" sc="0" el="31" ec="0" bec="0" bev="0" fileid="2" />
                <SequencePoint vc="0" uspid="26" ordinal="0" offset="16" sl="33" sc="0" el="33" ec="0" bec="0" bev="0" fileid="2" />
              </SequencePoints>
              <BranchPoints />
            </Method>
            <Method visited="false" cyclomaticComplexity="0" nPathComplexity="0" sequenceCoverage="0.0" branchCoverage="0" crapScore="0" isConstructor="false" isStatic="false" isGetter="false" isSetter="false">
              <Summary numSequencePoints="4" visitedSequencePoints="0" numBranchPoints="0" visitedBranchPoints="0" sequenceCoverage="0.0" branchCoverage="0" maxCyclomaticComplexity="0" minCyclomaticComplexity="0" maxCrapScore="0" minCrapScore="0" visitedClasses="0" numClasses="0" visitedMethods="0" numMethods="1" />
              <MetadataToken>100663303</MetadataToken>
              <Name>System.Void GameTimer::QuitCurrentGame()</Name>
              <FileRef uid="2" />
              <SequencePoints>
                <SequencePoint vc="0" uspid="27" ordinal="0" offset="0" sl="35" sc="0" el="35" ec="0" bec="0" bev="0" fileid="2" />
                <SequencePoint vc="0" uspid="28" ordinal="0" offset="1" sl="36" sc="0" el="36" ec="0" bec="0" bev="0" fileid="2" />
                <SequencePoint vc="0" uspid="29" ordinal="0" offset="12" sl="37" sc="0" el="37" ec="0" bec="0" bev="0" fileid="2" />
                <SequencePoint vc="0" uspid="30" ordinal="0" offset="23" sl="38" sc="0" el="38" ec="0" bec="0" bev="0" fileid="2" />
              </SequencePoints>
              <BranchPoints />
            </Method>
            <Method visited="false" cyclomaticComplexity="0" nPathComplexity="0" sequenceCoverage="0.0" branchCoverage="0" crapScore="0" isConstructor="true" isStatic="false" isGetter="false" isSetter="false">
              <Summary numSequencePoints="3" visitedSequencePoints="0" numBranchPoints="0" visitedBranchPoints="0" sequenceCoverage="0.0" branchCoverage="0" maxCyclomaticComplexity="0" minCyclomaticComplexity="0" maxCrapScore="0" minCrapScore="0" visitedClasses="0" numClasses="0" visitedMethods="0" numMethods="1" />
              <MetadataToken>100663304</MetadataToken>
              <Name>GameTimer::GameTimer()</Name>
              <FileRef uid="2" />
              <SequencePoints>
                <SequencePoint vc="0" uspid="31" ordinal="0" offset="0" sl="9" sc="0" el="9" ec="0" bec="0" bev="0" fileid="2" />
                <SequencePoint vc="0" uspid="32" ordinal="0" offset="11" sl="10" sc="0" el="10" ec="0" bec="0" bev="0" fileid="2" />
                <SequencePoint vc="0" uspid="33" ordinal="0" offset="22" sl="12" sc="0" el="12" ec="0" bec="0" bev="0" fileid="2" />
              </SequencePoints>
              <BranchPoints />
            </Method>
          </Methods>
        </Class>
        <Class>
          <Summary numSequencePoints="622" visitedSequencePoints="330" numBranchPoints="0" visitedBranchPoints="0" sequenceCoverage="53.05" branchCoverage="0.0" maxCyclomaticComplexity="0" minCyclomaticComplexity="0" maxCrapScore="0" minCrapScore="0" visitedClasses="1" numClasses="1" visitedMethods="17" numMethods="25" />
          <FullName>GridManager</FullName>
          <Methods>
            <Method visited="true" cyclomaticComplexity="0" nPathComplexity="0" sequenceCoverage="100.0" branchCoverage="0" crapScore="0" isConstructor="false" isStatic="false" isGetter="false" isSetter="false">
              <Summary numSequencePoints="5" visitedSequencePoints="5" numBranchPoints="0" visitedBranchPoints="0" sequenceCoverage="100.0" branchCoverage="0" maxCyclomaticComplexity="0" minCyclomaticComplexity="0" maxCrapScore="0" minCrapScore="0" visitedClasses="0" numClasses="0" visitedMethods="1" numMethods="1" />
              <MetadataToken>100663305</MetadataToken>
              <Name>System.Void GridManager::Start()</Name>
              <FileRef uid="3" />
              <SequencePoints>
                <SequencePoint vc="14" uspid="34" ordinal="0" offset="0" sl="30" sc="5" el="30" ec="5" bec="0" bev="0" fileid="3" />
                <SequencePoint vc="14" uspid="35" ordinal="0" offset="1" sl="31" sc="9" el="31" ec="9" bec="0" bev="0" fileid="3" />
                <SequencePoint vc="14" uspid="36" ordinal="0" offset="8" sl="32" sc="9" el="32" ec="9" bec="0" bev="0" fileid="3" />
                <SequencePoint vc="14" uspid="37" ordinal="0" offset="15" sl="33" sc="9" el="33" ec="9" bec="0" bev="0" fileid="3" />
                <SequencePoint vc="14" uspid="38" ordinal="0" offset="32" sl="34" sc="5" el="34" ec="5" bec="0" bev="0" fileid="3" />
              </SequencePoints>
              <BranchPoints />
            </Method>
            <Method visited="true" cyclomaticComplexity="0" nPathComplexity="0" sequenceCoverage="100.0" branchCoverage="0" crapScore="0" isConstructor="false" isStatic="false" isGetter="false" isSetter="false">
              <Summary numSequencePoints="25" visitedSequencePoints="25" numBranchPoints="0" visitedBranchPoints="0" sequenceCoverage="100.0" branchCoverage="0" maxCyclomaticComplexity="0" minCyclomaticComplexity="0" maxCrapScore="0" minCrapScore="0" visitedClasses="0" numClasses="0" visitedMethods="1" numMethods="1" />
              <MetadataToken>100663306</MetadataToken>
              <Name>System.Void GridManager::Grid()</Name>
              <FileRef uid="3" />
              <SequencePoints>
                <SequencePoint vc="14" uspid="39" ordinal="0" offset="0" sl="37" sc="5" el="37" ec="5" bec="0" bev="0" fileid="3" />
                <SequencePoint vc="14" uspid="40" ordinal="0" offset="1" sl="38" sc="9" el="38" ec="9" bec="0" bev="0" fileid="3" />
                <SequencePoint vc="14" uspid="41" ordinal="0" offset="17" sl="39" sc="9" el="39" ec="9" bec="0" bev="0" fileid="3" />
                <SequencePoint vc="14" uspid="42" ordinal="0" offset="39" sl="40" sc="9" el="40" ec="9" bec="0" bev="0" fileid="3" />
                <SequencePoint vc="14" uspid="43" ordinal="0" offset="61" sl="41" sc="9" el="41" ec="9" bec="0" bev="0" fileid="3" />
                <SequencePoint vc="14" uspid="44" ordinal="0" offset="92" sl="42" sc="9" el="42" ec="9" bec="0" bev="0" fileid="3" />
                <SequencePoint vc="14" uspid="45" ordinal="0" offset="123" sl="44" sc="13" el="44" ec="13" bec="0" bev="0" fileid="3" />
                <SequencePoint vc="56" uspid="46" ordinal="0" offset="131" sl="45" sc="9" el="45" ec="9" bec="0" bev="0" fileid="3" />
                <SequencePoint vc="56" uspid="47" ordinal="0" offset="132" sl="46" sc="13" el="46" ec="13" bec="0" bev="0" fileid="3" />
                <SequencePoint vc="56" uspid="48" ordinal="0" offset="191" sl="47" sc="13" el="47" ec="13" bec="0" bev="0" fileid="3" />
                <SequencePoint vc="56" uspid="49" ordinal="0" offset="233" sl="48" sc="13" el="48" ec="13" bec="0" bev="0" fileid="3" />
                <SequencePoint vc="56" uspid="50" ordinal="0" offset="257" sl="49" sc="13" el="49" ec="13" bec="0" bev="0" fileid="3" />
                <SequencePoint vc="56" uspid="51" ordinal="0" offset="270" sl="50" sc="9" el="50" ec="9" bec="0" bev="0" fileid="3" />
                <SequencePoint vc="56" uspid="52" ordinal="0" offset="271" sl="44" sc="27" el="44" ec="27" bec="0" bev="0" fileid="3" />
                <SequencePoint vc="70" uspid="53" ordinal="0" offset="277" sl="44" sc="22" el="44" ec="22" bec="0" bev="0" fileid="3" />
                <SequencePoint vc="14" uspid="54" ordinal="0" offset="295" sl="51" sc="14" el="51" ec="14" bec="0" bev="0" fileid="3" />
                <SequencePoint vc="56" uspid="55" ordinal="0" offset="303" sl="52" sc="9" el="52" ec="9" bec="0" bev="0" fileid="3" />
                <SequencePoint vc="56" uspid="56" ordinal="0" offset="304" sl="53" sc="13" el="53" ec="13" bec="0" bev="0" fileid="3" />
                <SequencePoint vc="56" uspid="57" ordinal="0" offset="378" sl="54" sc="13" el="54" ec="13" bec="0" bev="0" fileid="3" />
                <SequencePoint vc="56" uspid="58" ordinal="0" offset="420" sl="55" sc="13" el="55" ec="13" bec="0" bev="0" fileid="3" />
                <SequencePoint vc="56" uspid="59" ordinal="0" offset="444" sl="56" sc="13" el="56" ec="13" bec="0" bev="0" fileid="3" />
                <SequencePoint vc="56" uspid="60" ordinal="0" offset="457" sl="57" sc="9" el="57" ec="9" bec="0" bev="0" fileid="3" />
                <SequencePoint vc="56" uspid="61" ordinal="0" offset="458" sl="51" sc="32" el="51" ec="32" bec="0" bev="0" fileid="3" />
                <SequencePoint vc="70" uspid="62" ordinal="0" offset="464" sl="51" sc="25" el="51" ec="25" bec="0" bev="0" fileid="3" />
                <SequencePoint vc="14" uspid="63" ordinal="0" offset="482" sl="58" sc="5" el="58" ec="5" bec="0" bev="0" fileid="3" />
              </SequencePoints>
              <BranchPoints />
            </Method>
            <Method visited="true" cyclomaticComplexity="0" nPathComplexity="0" sequenceCoverage="100.0" branchCoverage="0" crapScore="0" isConstructor="false" isStatic="false" isGetter="false" isSetter="false">
              <Summary numSequencePoints="27" visitedSequencePoints="27" numBranchPoints="0" visitedBranchPoints="0" sequenceCoverage="100.0" branchCoverage="0" maxCyclomaticComplexity="0" minCyclomaticComplexity="0" maxCrapScore="0" minCrapScore="0" visitedClasses="0" numClasses="0" visitedMethods="1" numMethods="1" />
              <MetadataToken>100663307</MetadataToken>
              <Name>System.Void GridManager::Players()</Name>
              <FileRef uid="3" />
              <SequencePoints>
                <SequencePoint vc="14" uspid="64" ordinal="0" offset="0" sl="61" sc="5" el="61" ec="5" bec="0" bev="0" fileid="3" />
                <SequencePoint vc="14" uspid="65" ordinal="0" offset="1" sl="62" sc="9" el="62" ec="9" bec="0" bev="0" fileid="3" />
                <SequencePoint vc="14" uspid="66" ordinal="0" offset="17" sl="63" sc="9" el="63" ec="9" bec="0" bev="0" fileid="3" />
                <SequencePoint vc="14" uspid="67" ordinal="0" offset="39" sl="64" sc="9" el="64" ec="9" bec="0" bev="0" fileid="3" />
                <SequencePoint vc="14" uspid="68" ordinal="0" offset="61" sl="65" sc="9" el="65" ec="9" bec="0" bev="0" fileid="3" />
                <SequencePoint vc="14" uspid="69" ordinal="0" offset="92" sl="66" sc="9" el="66" ec="9" bec="0" bev="0" fileid="3" />
                <SequencePoint vc="14" uspid="70" ordinal="0" offset="123" sl="68" sc="9" el="68" ec="9" bec="0" bev="0" fileid="3" />
                <SequencePoint vc="14" uspid="71" ordinal="0" offset="153" sl="70" sc="14" el="70" ec="14" bec="0" bev="0" fileid="3" />
                <SequencePoint vc="70" uspid="72" ordinal="0" offset="161" sl="70" sc="37" el="70" ec="37" bec="0" bev="0" fileid="3" />
                <SequencePoint vc="70" uspid="73" ordinal="0" offset="162" sl="71" sc="18" el="71" ec="18" bec="0" bev="0" fileid="3" />
                <SequencePoint vc="350" uspid="74" ordinal="0" offset="170" sl="72" sc="13" el="72" ec="13" bec="0" bev="0" fileid="3" />
                <SequencePoint vc="350" uspid="75" ordinal="0" offset="171" sl="73" sc="17" el="73" ec="17" bec="0" bev="0" fileid="3" />
                <SequencePoint vc="350" uspid="76" ordinal="0" offset="217" sl="74" sc="17" el="74" ec="17" bec="0" bev="0" fileid="3" />
                <SequencePoint vc="350" uspid="77" ordinal="0" offset="273" sl="76" sc="17" el="76" ec="17" bec="0" bev="0" fileid="3" />
                <SequencePoint vc="350" uspid="78" ordinal="0" offset="305" sl="77" sc="17" el="77" ec="17" bec="0" bev="0" fileid="3" />
                <SequencePoint vc="350" uspid="79" ordinal="0" offset="337" sl="79" sc="17" el="79" ec="17" bec="0" bev="0" fileid="3" />
                <SequencePoint vc="350" uspid="80" ordinal="0" offset="410" sl="81" sc="17" el="81" ec="17" bec="0" bev="0" fileid="3" />
                <SequencePoint vc="350" uspid="81" ordinal="0" offset="446" sl="83" sc="17" el="83" ec="17" bec="0" bev="0" fileid="3" />
                <SequencePoint vc="350" uspid="82" ordinal="0" offset="463" sl="84" sc="17" el="84" ec="17" bec="0" bev="0" fileid="3" />
                <SequencePoint vc="350" uspid="83" ordinal="0" offset="477" sl="85" sc="13" el="85" ec="13" bec="0" bev="0" fileid="3" />
                <SequencePoint vc="350" uspid="84" ordinal="0" offset="478" sl="71" sc="36" el="71" ec="36" bec="0" bev="0" fileid="3" />
                <SequencePoint vc="420" uspid="85" ordinal="0" offset="484" sl="71" sc="29" el="71" ec="29" bec="0" bev="0" fileid="3" />
                <SequencePoint vc="70" uspid="86" ordinal="0" offset="502" sl="86" sc="9" el="86" ec="9" bec="0" bev="0" fileid="3" />
                <SequencePoint vc="70" uspid="87" ordinal="0" offset="503" sl="70" sc="32" el="70" ec="32" bec="0" bev="0" fileid="3" />
                <SequencePoint vc="84" uspid="88" ordinal="0" offset="509" sl="70" sc="25" el="70" ec="25" bec="0" bev="0" fileid="3" />
                <SequencePoint vc="14" uspid="89" ordinal="0" offset="527" sl="87" sc="9" el="87" ec="9" bec="0" bev="0" fileid="3" />
                <SequencePoint vc="14" uspid="90" ordinal="0" offset="569" sl="88" sc="5" el="88" ec="5" bec="0" bev="0" fileid="3" />
              </SequencePoints>
              <BranchPoints />
            </Method>
            <Method visited="true" cyclomaticComplexity="0" nPathComplexity="0" sequenceCoverage="100.0" branchCoverage="0" crapScore="0" isConstructor="false" isStatic="false" isGetter="false" isSetter="false">
              <Summary numSequencePoints="3" visitedSequencePoints="3" numBranchPoints="0" visitedBranchPoints="0" sequenceCoverage="100.0" branchCoverage="0" maxCyclomaticComplexity="0" minCyclomaticComplexity="0" maxCrapScore="0" minCrapScore="0" visitedClasses="0" numClasses="0" visitedMethods="1" numMethods="1" />
              <MetadataToken>100663308</MetadataToken>
              <Name>System.Void GridManager::SetBoardState(System.Int32, System.Int32)</Name>
              <FileRef uid="3" />
              <SequencePoints>
                <SequencePoint vc="14" uspid="91" ordinal="0" offset="0" sl="91" sc="5" el="91" ec="5" bec="0" bev="0" fileid="3" />
                <SequencePoint vc="14" uspid="92" ordinal="0" offset="1" sl="92" sc="9" el="92" ec="9" bec="0" bev="0" fileid="3" />
                <SequencePoint vc="14" uspid="93" ordinal="0" offset="14" sl="93" sc="5" el="93" ec="5" bec="0" bev="0" fileid="3" />
              </SequencePoints>
              <BranchPoints />
            </Method>
            <Method visited="true" cyclomaticComplexity="0" nPathComplexity="0" sequenceCoverage="100.0" branchCoverage="0" crapScore="0" isConstructor="false" isStatic="false" isGetter="false" isSetter="false">
              <Summary numSequencePoints="3" visitedSequencePoints="3" numBranchPoints="0" visitedBranchPoints="0" sequenceCoverage="100.0" branchCoverage="0" maxCyclomaticComplexity="0" minCyclomaticComplexity="0" maxCrapScore="0" minCrapScore="0" visitedClasses="0" numClasses="0" visitedMethods="1" numMethods="1" />
              <MetadataToken>100663309</MetadataToken>
              <Name>System.Void GridManager::SetObjectFalse(System.String)</Name>
              <FileRef uid="3" />
              <SequencePoints>
                <SequencePoint vc="15" uspid="94" ordinal="0" offset="0" sl="97" sc="5" el="97" ec="5" bec="0" bev="0" fileid="3" />
                <SequencePoint vc="15" uspid="95" ordinal="0" offset="1" sl="98" sc="9" el="98" ec="9" bec="0" bev="0" fileid="3" />
                <SequencePoint vc="15" uspid="96" ordinal="0" offset="14" sl="99" sc="5" el="99" ec="5" bec="0" bev="0" fileid="3" />
              </SequencePoints>
              <BranchPoints />
            </Method>
            <Method visited="false" cyclomaticComplexity="0" nPathComplexity="0" sequenceCoverage="0.0" branchCoverage="0" crapScore="0" isConstructor="false" isStatic="false" isGetter="false" isSetter="false">
              <Summary numSequencePoints="3" visitedSequencePoints="0" numBranchPoints="0" visitedBranchPoints="0" sequenceCoverage="0.0" branchCoverage="0" maxCyclomaticComplexity="0" minCyclomaticComplexity="0" maxCrapScore="0" minCrapScore="0" visitedClasses="0" numClasses="0" visitedMethods="0" numMethods="1" />
              <MetadataToken>100663310</MetadataToken>
              <Name>UnityEngine.GameObject GridManager::FindObject(System.String)</Name>
              <FileRef uid="3" />
              <SequencePoints>
                <SequencePoint vc="0" uspid="97" ordinal="0" offset="0" sl="102" sc="0" el="102" ec="0" bec="0" bev="0" fileid="3" />
                <SequencePoint vc="0" uspid="98" ordinal="0" offset="1" sl="103" sc="0" el="103" ec="0" bec="0" bev="0" fileid="3" />
                <SequencePoint vc="0" uspid="99" ordinal="0" offset="10" sl="104" sc="0" el="104" ec="0" bec="0" bev="0" fileid="3" />
              </SequencePoints>
              <BranchPoints />
            </Method>
            <Method visited="false" cyclomaticComplexity="0" nPathComplexity="0" sequenceCoverage="0.0" branchCoverage="0" crapScore="0" isConstructor="false" isStatic="false" isGetter="false" isSetter="false">
              <Summary numSequencePoints="3" visitedSequencePoints="0" numBranchPoints="0" visitedBranchPoints="0" sequenceCoverage="0.0" branchCoverage="0" maxCyclomaticComplexity="0" minCyclomaticComplexity="0" maxCrapScore="0" minCrapScore="0" visitedClasses="0" numClasses="0" visitedMethods="0" numMethods="1" />
              <MetadataToken>100663311</MetadataToken>
              <Name>UnityEngine.GameObject[] GridManager::FindObjectsTag(System.String)</Name>
              <FileRef uid="3" />
              <SequencePoints>
                <SequencePoint vc="0" uspid="100" ordinal="0" offset="0" sl="107" sc="0" el="107" ec="0" bec="0" bev="0" fileid="3" />
                <SequencePoint vc="0" uspid="101" ordinal="0" offset="1" sl="108" sc="0" el="108" ec="0" bec="0" bev="0" fileid="3" />
                <SequencePoint vc="0" uspid="102" ordinal="0" offset="10" sl="109" sc="0" el="109" ec="0" bec="0" bev="0" fileid="3" />
              </SequencePoints>
              <BranchPoints />
            </Method>
            <Method visited="true" cyclomaticComplexity="0" nPathComplexity="0" sequenceCoverage="100.0" branchCoverage="0" crapScore="0" isConstructor="false" isStatic="false" isGetter="false" isSetter="false">
              <Summary numSequencePoints="3" visitedSequencePoints="3" numBranchPoints="0" visitedBranchPoints="0" sequenceCoverage="100.0" branchCoverage="0" maxCyclomaticComplexity="0" minCyclomaticComplexity="0" maxCrapScore="0" minCrapScore="0" visitedClasses="0" numClasses="0" visitedMethods="1" numMethods="1" />
              <MetadataToken>100663312</MetadataToken>
              <Name>System.Int32[,] GridManager::GetBoardState()</Name>
              <FileRef uid="3" />
              <SequencePoints>
                <SequencePoint vc="2" uspid="103" ordinal="0" offset="0" sl="112" sc="5" el="112" ec="5" bec="0" bev="0" fileid="3" />
                <SequencePoint vc="2" uspid="104" ordinal="0" offset="1" sl="113" sc="9" el="113" ec="9" bec="0" bev="0" fileid="3" />
                <SequencePoint vc="2" uspid="105" ordinal="0" offset="10" sl="114" sc="5" el="114" ec="5" bec="0" bev="0" fileid="3" />
              </SequencePoints>
              <BranchPoints />
            </Method>
            <Method visited="true" cyclomaticComplexity="0" nPathComplexity="0" sequenceCoverage="62.86" branchCoverage="0" crapScore="0" isConstructor="false" isStatic="false" isGetter="false" isSetter="false">
              <Summary numSequencePoints="35" visitedSequencePoints="22" numBranchPoints="0" visitedBranchPoints="0" sequenceCoverage="62.86" branchCoverage="0" maxCyclomaticComplexity="0" minCyclomaticComplexity="0" maxCrapScore="0" minCrapScore="0" visitedClasses="0" numClasses="0" visitedMethods="1" numMethods="1" />
              <MetadataToken>100663313</MetadataToken>
              <Name>System.Void GridManager::PlayerX(UnityEngine.Vector3, System.String)</Name>
              <FileRef uid="3" />
              <SequencePoints>
                <SequencePoint vc="13" uspid="106" ordinal="0" offset="0" sl="118" sc="5" el="118" ec="5" bec="0" bev="0" fileid="3" />
                <SequencePoint vc="13" uspid="107" ordinal="0" offset="1" sl="120" sc="9" el="120" ec="9" bec="0" bev="0" fileid="3" />
                <SequencePoint vc="13" uspid="108" ordinal="0" offset="9" sl="122" sc="9" el="122" ec="9" bec="0" bev="0" fileid="3" />
                <SequencePoint vc="13" uspid="109" ordinal="0" offset="27" sl="123" sc="9" el="123" ec="9" bec="0" bev="0" fileid="3" />
                <SequencePoint vc="13" uspid="110" ordinal="0" offset="55" sl="125" sc="9" el="125" ec="9" bec="0" bev="0" fileid="3" />
                <SequencePoint vc="13" uspid="111" ordinal="0" offset="78" sl="126" sc="9" el="126" ec="9" bec="0" bev="0" fileid="3" />
                <SequencePoint vc="0" uspid="112" ordinal="0" offset="101" sl="127" sc="9" el="127" ec="9" bec="0" bev="0" fileid="3" />
                <SequencePoint vc="0" uspid="113" ordinal="0" offset="102" sl="128" sc="13" el="128" ec="13" bec="0" bev="0" fileid="3" />
                <SequencePoint vc="0" uspid="114" ordinal="0" offset="144" sl="129" sc="13" el="129" ec="13" bec="0" bev="0" fileid="3" />
                <SequencePoint vc="0" uspid="115" ordinal="0" offset="168" sl="130" sc="9" el="130" ec="9" bec="0" bev="0" fileid="3" />
                <SequencePoint vc="13" uspid="116" ordinal="0" offset="174" sl="131" sc="14" el="131" ec="14" bec="0" bev="0" fileid="3" />
                <SequencePoint vc="0" uspid="117" ordinal="0" offset="197" sl="132" sc="9" el="132" ec="9" bec="0" bev="0" fileid="3" />
                <SequencePoint vc="0" uspid="118" ordinal="0" offset="198" sl="133" sc="13" el="133" ec="13" bec="0" bev="0" fileid="3" />
                <SequencePoint vc="0" uspid="119" ordinal="0" offset="240" sl="134" sc="13" el="134" ec="13" bec="0" bev="0" fileid="3" />
                <SequencePoint vc="0" uspid="120" ordinal="0" offset="264" sl="135" sc="9" el="135" ec="9" bec="0" bev="0" fileid="3" />
                <SequencePoint vc="13" uspid="121" ordinal="0" offset="270" sl="136" sc="14" el="136" ec="14" bec="0" bev="0" fileid="3" />
                <SequencePoint vc="0" uspid="122" ordinal="0" offset="293" sl="137" sc="9" el="137" ec="9" bec="0" bev="0" fileid="3" />
                <SequencePoint vc="0" uspid="123" ordinal="0" offset="294" sl="138" sc="13" el="138" ec="13" bec="0" bev="0" fileid="3" />
                <SequencePoint vc="0" uspid="124" ordinal="0" offset="336" sl="139" sc="13" el="139" ec="13" bec="0" bev="0" fileid="3" />
                <SequencePoint vc="0" uspid="125" ordinal="0" offset="360" sl="140" sc="9" el="140" ec="9" bec="0" bev="0" fileid="3" />
                <SequencePoint vc="13" uspid="126" ordinal="0" offset="363" sl="142" sc="9" el="142" ec="9" bec="0" bev="0" fileid="3" />
                <SequencePoint vc="13" uspid="127" ordinal="0" offset="364" sl="143" sc="13" el="143" ec="13" bec="0" bev="0" fileid="3" />
                <SequencePoint vc="13" uspid="128" ordinal="0" offset="406" sl="144" sc="13" el="144" ec="13" bec="0" bev="0" fileid="3" />
                <SequencePoint vc="13" uspid="129" ordinal="0" offset="430" sl="145" sc="9" el="145" ec="9" bec="0" bev="0" fileid="3" />
                <SequencePoint vc="13" uspid="130" ordinal="0" offset="431" sl="146" sc="9" el="146" ec="9" bec="0" bev="0" fileid="3" />
                <SequencePoint vc="13" uspid="131" ordinal="0" offset="454" sl="149" sc="9" el="149" ec="9" bec="0" bev="0" fileid="3" />
                <SequencePoint vc="13" uspid="132" ordinal="0" offset="455" sl="150" sc="13" el="150" ec="13" bec="0" bev="0" fileid="3" />
                <SequencePoint vc="0" uspid="133" ordinal="0" offset="466" sl="151" sc="9" el="151" ec="9" bec="0" bev="0" fileid="3" />
                <SequencePoint vc="13" uspid="134" ordinal="0" offset="469" sl="152" sc="9" el="152" ec="9" bec="0" bev="0" fileid="3" />
                <SequencePoint vc="13" uspid="135" ordinal="0" offset="471" sl="153" sc="9" el="153" ec="9" bec="0" bev="0" fileid="3" />
                <SequencePoint vc="13" uspid="136" ordinal="0" offset="472" sl="154" sc="13" el="154" ec="13" bec="0" bev="0" fileid="3" />
                <SequencePoint vc="13" uspid="137" ordinal="0" offset="480" sl="155" sc="9" el="155" ec="9" bec="0" bev="0" fileid="3" />
                <SequencePoint vc="13" uspid="138" ordinal="0" offset="483" sl="157" sc="9" el="157" ec="9" bec="0" bev="0" fileid="3" />
                <SequencePoint vc="13" uspid="139" ordinal="0" offset="500" sl="158" sc="9" el="158" ec="9" bec="0" bev="0" fileid="3" />
                <SequencePoint vc="13" uspid="140" ordinal="0" offset="513" sl="159" sc="5" el="159" ec="5" bec="0" bev="0" fileid="3" />
              </SequencePoints>
              <BranchPoints />
            </Method>
            <Method visited="true" cyclomaticComplexity="0" nPathComplexity="0" sequenceCoverage="62.86" branchCoverage="0" crapScore="0" isConstructor="false" isStatic="false" isGetter="false" isSetter="false">
              <Summary numSequencePoints="35" visitedSequencePoints="22" numBranchPoints="0" visitedBranchPoints="0" sequenceCoverage="62.86" branchCoverage="0" maxCyclomaticComplexity="0" minCyclomaticComplexity="0" maxCrapScore="0" minCrapScore="0" visitedClasses="0" numClasses="0" visitedMethods="1" numMethods="1" />
              <MetadataToken>100663314</MetadataToken>
              <Name>System.Void GridManager::PlayerO(UnityEngine.Vector3, System.String)</Name>
              <FileRef uid="3" />
              <SequencePoints>
                <SequencePoint vc="2" uspid="141" ordinal="0" offset="0" sl="163" sc="5" el="163" ec="5" bec="0" bev="0" fileid="3" />
                <SequencePoint vc="2" uspid="142" ordinal="0" offset="1" sl="165" sc="9" el="165" ec="9" bec="0" bev="0" fileid="3" />
                <SequencePoint vc="2" uspid="143" ordinal="0" offset="9" sl="167" sc="9" el="167" ec="9" bec="0" bev="0" fileid="3" />
                <SequencePoint vc="2" uspid="144" ordinal="0" offset="27" sl="168" sc="9" el="168" ec="9" bec="0" bev="0" fileid="3" />
                <SequencePoint vc="2" uspid="145" ordinal="0" offset="55" sl="170" sc="9" el="170" ec="9" bec="0" bev="0" fileid="3" />
                <SequencePoint vc="2" uspid="146" ordinal="0" offset="78" sl="171" sc="9" el="171" ec="9" bec="0" bev="0" fileid="3" />
                <SequencePoint vc="0" uspid="147" ordinal="0" offset="101" sl="172" sc="9" el="172" ec="9" bec="0" bev="0" fileid="3" />
                <SequencePoint vc="0" uspid="148" ordinal="0" offset="102" sl="173" sc="13" el="173" ec="13" bec="0" bev="0" fileid="3" />
                <SequencePoint vc="0" uspid="149" ordinal="0" offset="144" sl="174" sc="13" el="174" ec="13" bec="0" bev="0" fileid="3" />
                <SequencePoint vc="0" uspid="150" ordinal="0" offset="168" sl="175" sc="9" el="175" ec="9" bec="0" bev="0" fileid="3" />
                <SequencePoint vc="2" uspid="151" ordinal="0" offset="174" sl="176" sc="14" el="176" ec="14" bec="0" bev="0" fileid="3" />
                <SequencePoint vc="0" uspid="152" ordinal="0" offset="197" sl="177" sc="9" el="177" ec="9" bec="0" bev="0" fileid="3" />
                <SequencePoint vc="0" uspid="153" ordinal="0" offset="198" sl="178" sc="13" el="178" ec="13" bec="0" bev="0" fileid="3" />
                <SequencePoint vc="0" uspid="154" ordinal="0" offset="240" sl="179" sc="13" el="179" ec="13" bec="0" bev="0" fileid="3" />
                <SequencePoint vc="0" uspid="155" ordinal="0" offset="264" sl="180" sc="9" el="180" ec="9" bec="0" bev="0" fileid="3" />
                <SequencePoint vc="2" uspid="156" ordinal="0" offset="270" sl="181" sc="14" el="181" ec="14" bec="0" bev="0" fileid="3" />
                <SequencePoint vc="0" uspid="157" ordinal="0" offset="293" sl="182" sc="9" el="182" ec="9" bec="0" bev="0" fileid="3" />
                <SequencePoint vc="0" uspid="158" ordinal="0" offset="294" sl="183" sc="13" el="183" ec="13" bec="0" bev="0" fileid="3" />
                <SequencePoint vc="0" uspid="159" ordinal="0" offset="336" sl="184" sc="13" el="184" ec="13" bec="0" bev="0" fileid="3" />
                <SequencePoint vc="0" uspid="160" ordinal="0" offset="360" sl="185" sc="9" el="185" ec="9" bec="0" bev="0" fileid="3" />
                <SequencePoint vc="2" uspid="161" ordinal="0" offset="363" sl="187" sc="9" el="187" ec="9" bec="0" bev="0" fileid="3" />
                <SequencePoint vc="2" uspid="162" ordinal="0" offset="364" sl="188" sc="13" el="188" ec="13" bec="0" bev="0" fileid="3" />
                <SequencePoint vc="2" uspid="163" ordinal="0" offset="406" sl="189" sc="13" el="189" ec="13" bec="0" bev="0" fileid="3" />
                <SequencePoint vc="2" uspid="164" ordinal="0" offset="430" sl="190" sc="9" el="190" ec="9" bec="0" bev="0" fileid="3" />
                <SequencePoint vc="2" uspid="165" ordinal="0" offset="431" sl="192" sc="9" el="192" ec="9" bec="0" bev="0" fileid="3" />
                <SequencePoint vc="2" uspid="166" ordinal="0" offset="454" sl="195" sc="9" el="195" ec="9" bec="0" bev="0" fileid="3" />
                <SequencePoint vc="2" uspid="167" ordinal="0" offset="455" sl="196" sc="13" el="196" ec="13" bec="0" bev="0" fileid="3" />
                <SequencePoint vc="0" uspid="168" ordinal="0" offset="466" sl="197" sc="9" el="197" ec="9" bec="0" bev="0" fileid="3" />
                <SequencePoint vc="2" uspid="169" ordinal="0" offset="469" sl="198" sc="9" el="198" ec="9" bec="0" bev="0" fileid="3" />
                <SequencePoint vc="2" uspid="170" ordinal="0" offset="471" sl="199" sc="9" el="199" ec="9" bec="0" bev="0" fileid="3" />
                <SequencePoint vc="2" uspid="171" ordinal="0" offset="472" sl="200" sc="13" el="200" ec="13" bec="0" bev="0" fileid="3" />
                <SequencePoint vc="2" uspid="172" ordinal="0" offset="480" sl="201" sc="9" el="201" ec="9" bec="0" bev="0" fileid="3" />
                <SequencePoint vc="2" uspid="173" ordinal="0" offset="483" sl="203" sc="9" el="203" ec="9" bec="0" bev="0" fileid="3" />
                <SequencePoint vc="2" uspid="174" ordinal="0" offset="500" sl="204" sc="9" el="204" ec="9" bec="0" bev="0" fileid="3" />
                <SequencePoint vc="2" uspid="175" ordinal="0" offset="513" sl="205" sc="5" el="205" ec="5" bec="0" bev="0" fileid="3" />
              </SequencePoints>
              <BranchPoints />
            </Method>
            <Method visited="true" cyclomaticComplexity="0" nPathComplexity="0" sequenceCoverage="100.0" branchCoverage="0" crapScore="0" isConstructor="false" isStatic="false" isGetter="false" isSetter="false">
              <Summary numSequencePoints="17" visitedSequencePoints="17" numBranchPoints="0" visitedBranchPoints="0" sequenceCoverage="100.0" branchCoverage="0" maxCyclomaticComplexity="0" minCyclomaticComplexity="0" maxCrapScore="0" minCrapScore="0" visitedClasses="0" numClasses="0" visitedMethods="1" numMethods="1" />
              <MetadataToken>100663316</MetadataToken>
              <Name>System.Boolean GridManager::checkDiag(System.Int32, System.Int32, System.Int32&amp;)</Name>
              <FileRef uid="3" />
              <SequencePoints>
                <SequencePoint vc="1703" uspid="176" ordinal="0" offset="0" sl="224" sc="5" el="224" ec="5" bec="0" bev="0" fileid="3" />
                <SequencePoint vc="1703" uspid="177" ordinal="0" offset="1" sl="225" sc="9" el="225" ec="9" bec="0" bev="0" fileid="3" />
                <SequencePoint vc="1703" uspid="178" ordinal="0" offset="7" sl="229" sc="9" el="229" ec="9" bec="0" bev="0" fileid="3" />
                <SequencePoint vc="1703" uspid="179" ordinal="0" offset="8" sl="230" sc="13" el="230" ec="13" bec="0" bev="0" fileid="3" />
                <SequencePoint vc="2" uspid="180" ordinal="0" offset="62" sl="231" sc="13" el="231" ec="13" bec="0" bev="0" fileid="3" />
                <SequencePoint vc="2" uspid="181" ordinal="0" offset="63" sl="232" sc="17" el="232" ec="17" bec="0" bev="0" fileid="3" />
                <SequencePoint vc="2" uspid="182" ordinal="0" offset="77" sl="233" sc="13" el="233" ec="13" bec="0" bev="0" fileid="3" />
                <SequencePoint vc="1685" uspid="183" ordinal="0" offset="78" sl="234" sc="9" el="234" ec="9" bec="0" bev="0" fileid="3" />
                <SequencePoint vc="18" uspid="184" ordinal="0" offset="81" sl="236" sc="9" el="236" ec="9" bec="0" bev="0" fileid="3" />
                <SequencePoint vc="18" uspid="185" ordinal="0" offset="82" sl="237" sc="9" el="237" ec="9" bec="0" bev="0" fileid="3" />
                <SequencePoint vc="18" uspid="186" ordinal="0" offset="83" sl="238" sc="13" el="238" ec="13" bec="0" bev="0" fileid="3" />
                <SequencePoint vc="1685" uspid="187" ordinal="0" offset="87" sl="241" sc="9" el="241" ec="9" bec="0" bev="0" fileid="3" />
                <SequencePoint vc="3" uspid="188" ordinal="0" offset="100" sl="242" sc="9" el="242" ec="9" bec="0" bev="0" fileid="3" />
                <SequencePoint vc="3" uspid="189" ordinal="0" offset="101" sl="243" sc="13" el="243" ec="13" bec="0" bev="0" fileid="3" />
                <SequencePoint vc="1682" uspid="190" ordinal="0" offset="105" sl="246" sc="9" el="246" ec="9" bec="0" bev="0" fileid="3" />
                <SequencePoint vc="1682" uspid="191" ordinal="0" offset="106" sl="247" sc="13" el="247" ec="13" bec="0" bev="0" fileid="3" />
                <SequencePoint vc="1703" uspid="192" ordinal="0" offset="110" sl="249" sc="5" el="249" ec="5" bec="0" bev="0" fileid="3" />
              </SequencePoints>
              <BranchPoints />
            </Method>
            <Method visited="true" cyclomaticComplexity="0" nPathComplexity="0" sequenceCoverage="100.0" branchCoverage="0" crapScore="0" isConstructor="false" isStatic="false" isGetter="false" isSetter="false">
              <Summary numSequencePoints="17" visitedSequencePoints="17" numBranchPoints="0" visitedBranchPoints="0" sequenceCoverage="100.0" branchCoverage="0" maxCyclomaticComplexity="0" minCyclomaticComplexity="0" maxCrapScore="0" minCrapScore="0" visitedClasses="0" numClasses="0" visitedMethods="1" numMethods="1" />
              <MetadataToken>100663317</MetadataToken>
              <Name>System.Boolean GridManager::checkCounterDiag(System.Int32, System.Int32, System.Int32&amp;)</Name>
              <FileRef uid="3" />
              <SequencePoints>
                <SequencePoint vc="1680" uspid="193" ordinal="0" offset="0" sl="252" sc="5" el="252" ec="5" bec="0" bev="0" fileid="3" />
                <SequencePoint vc="1680" uspid="194" ordinal="0" offset="1" sl="253" sc="9" el="253" ec="9" bec="0" bev="0" fileid="3" />
                <SequencePoint vc="1680" uspid="195" ordinal="0" offset="7" sl="257" sc="9" el="257" ec="9" bec="0" bev="0" fileid="3" />
                <SequencePoint vc="1680" uspid="196" ordinal="0" offset="8" sl="258" sc="13" el="258" ec="13" bec="0" bev="0" fileid="3" />
                <SequencePoint vc="2" uspid="197" ordinal="0" offset="62" sl="259" sc="13" el="259" ec="13" bec="0" bev="0" fileid="3" />
                <SequencePoint vc="2" uspid="198" ordinal="0" offset="63" sl="260" sc="17" el="260" ec="17" bec="0" bev="0" fileid="3" />
                <SequencePoint vc="2" uspid="199" ordinal="0" offset="77" sl="261" sc="13" el="261" ec="13" bec="0" bev="0" fileid="3" />
                <SequencePoint vc="1679" uspid="200" ordinal="0" offset="78" sl="262" sc="9" el="262" ec="9" bec="0" bev="0" fileid="3" />
                <SequencePoint vc="1" uspid="201" ordinal="0" offset="81" sl="265" sc="9" el="265" ec="9" bec="0" bev="0" fileid="3" />
                <SequencePoint vc="1" uspid="202" ordinal="0" offset="82" sl="266" sc="9" el="266" ec="9" bec="0" bev="0" fileid="3" />
                <SequencePoint vc="1" uspid="203" ordinal="0" offset="83" sl="267" sc="13" el="267" ec="13" bec="0" bev="0" fileid="3" />
                <SequencePoint vc="1679" uspid="204" ordinal="0" offset="87" sl="270" sc="9" el="270" ec="9" bec="0" bev="0" fileid="3" />
                <SequencePoint vc="2" uspid="205" ordinal="0" offset="100" sl="271" sc="9" el="271" ec="9" bec="0" bev="0" fileid="3" />
                <SequencePoint vc="2" uspid="206" ordinal="0" offset="101" sl="272" sc="13" el="272" ec="13" bec="0" bev="0" fileid="3" />
                <SequencePoint vc="1677" uspid="207" ordinal="0" offset="105" sl="275" sc="9" el="275" ec="9" bec="0" bev="0" fileid="3" />
                <SequencePoint vc="1677" uspid="208" ordinal="0" offset="106" sl="276" sc="13" el="276" ec="13" bec="0" bev="0" fileid="3" />
                <SequencePoint vc="1680" uspid="209" ordinal="0" offset="110" sl="278" sc="5" el="278" ec="5" bec="0" bev="0" fileid="3" />
              </SequencePoints>
              <BranchPoints />
            </Method>
            <Method visited="true" cyclomaticComplexity="0" nPathComplexity="0" sequenceCoverage="88.89" branchCoverage="0" crapScore="0" isConstructor="false" isStatic="false" isGetter="false" isSetter="false">
              <Summary numSequencePoints="135" visitedSequencePoints="120" numBranchPoints="0" visitedBranchPoints="0" sequenceCoverage="88.89" branchCoverage="0" maxCyclomaticComplexity="0" minCyclomaticComplexity="0" maxCrapScore="0" minCrapScore="0" visitedClasses="0" numClasses="0" visitedMethods="1" numMethods="1" />
              <MetadataToken>100663318</MetadataToken>
              <Name>System.Boolean GridManager::CheckBoardState()</Name>
              <FileRef uid="3" />
              <SequencePoints>
                <SequencePoint vc="71" uspid="210" ordinal="0" offset="0" sl="282" sc="5" el="282" ec="5" bec="0" bev="0" fileid="3" />
                <SequencePoint vc="71" uspid="211" ordinal="0" offset="1" sl="283" sc="9" el="283" ec="9" bec="0" bev="0" fileid="3" />
                <SequencePoint vc="71" uspid="212" ordinal="0" offset="3" sl="286" sc="14" el="286" ec="14" bec="0" bev="0" fileid="3" />
                <SequencePoint vc="351" uspid="213" ordinal="0" offset="10" sl="287" sc="9" el="287" ec="9" bec="0" bev="0" fileid="3" />
                <SequencePoint vc="351" uspid="214" ordinal="0" offset="11" sl="288" sc="13" el="288" ec="13" bec="0" bev="0" fileid="3" />
                <SequencePoint vc="351" uspid="215" ordinal="0" offset="13" sl="290" sc="18" el="290" ec="18" bec="0" bev="0" fileid="3" />
                <SequencePoint vc="1753" uspid="216" ordinal="0" offset="20" sl="291" sc="13" el="291" ec="13" bec="0" bev="0" fileid="3" />
                <SequencePoint vc="1753" uspid="217" ordinal="0" offset="21" sl="293" sc="17" el="293" ec="17" bec="0" bev="0" fileid="3" />
                <SequencePoint vc="1753" uspid="218" ordinal="0" offset="35" sl="296" sc="17" el="296" ec="17" bec="0" bev="0" fileid="3" />
                <SequencePoint vc="9" uspid="219" ordinal="0" offset="55" sl="297" sc="17" el="297" ec="17" bec="0" bev="0" fileid="3" />
                <SequencePoint vc="9" uspid="220" ordinal="0" offset="56" sl="298" sc="21" el="298" ec="21" bec="0" bev="0" fileid="3" />
                <SequencePoint vc="9" uspid="221" ordinal="0" offset="115" sl="299" sc="21" el="299" ec="21" bec="0" bev="0" fileid="3" />
                <SequencePoint vc="9" uspid="222" ordinal="0" offset="117" sl="300" sc="17" el="300" ec="17" bec="0" bev="0" fileid="3" />
                <SequencePoint vc="1744" uspid="223" ordinal="0" offset="120" sl="301" sc="22" el="301" ec="22" bec="0" bev="0" fileid="3" />
                <SequencePoint vc="0" uspid="224" ordinal="0" offset="140" sl="302" sc="17" el="302" ec="17" bec="0" bev="0" fileid="3" />
                <SequencePoint vc="0" uspid="225" ordinal="0" offset="141" sl="303" sc="21" el="303" ec="21" bec="0" bev="0" fileid="3" />
                <SequencePoint vc="0" uspid="226" ordinal="0" offset="200" sl="304" sc="21" el="304" ec="21" bec="0" bev="0" fileid="3" />
                <SequencePoint vc="0" uspid="227" ordinal="0" offset="202" sl="305" sc="17" el="305" ec="17" bec="0" bev="0" fileid="3" />
                <SequencePoint vc="1753" uspid="228" ordinal="0" offset="203" sl="308" sc="17" el="308" ec="17" bec="0" bev="0" fileid="3" />
                <SequencePoint vc="12" uspid="229" ordinal="0" offset="213" sl="309" sc="17" el="309" ec="17" bec="0" bev="0" fileid="3" />
                <SequencePoint vc="12" uspid="230" ordinal="0" offset="214" sl="310" sc="21" el="310" ec="21" bec="0" bev="0" fileid="3" />
                <SequencePoint vc="12" uspid="231" ordinal="0" offset="218" sl="311" sc="21" el="311" ec="21" bec="0" bev="0" fileid="3" />
                <SequencePoint vc="12" uspid="232" ordinal="0" offset="240" sl="312" sc="17" el="312" ec="17" bec="0" bev="0" fileid="3" />
                <SequencePoint vc="1741" uspid="233" ordinal="0" offset="243" sl="313" sc="22" el="313" ec="22" bec="0" bev="0" fileid="3" />
                <SequencePoint vc="18" uspid="234" ordinal="0" offset="253" sl="314" sc="17" el="314" ec="17" bec="0" bev="0" fileid="3" />
                <SequencePoint vc="18" uspid="235" ordinal="0" offset="254" sl="315" sc="21" el="315" ec="21" bec="0" bev="0" fileid="3" />
                <SequencePoint vc="18" uspid="236" ordinal="0" offset="258" sl="316" sc="21" el="316" ec="21" bec="0" bev="0" fileid="3" />
                <SequencePoint vc="18" uspid="237" ordinal="0" offset="280" sl="317" sc="17" el="317" ec="17" bec="0" bev="0" fileid="3" />
                <SequencePoint vc="1753" uspid="238" ordinal="0" offset="281" sl="320" sc="17" el="320" ec="17" bec="0" bev="0" fileid="3" />
                <SequencePoint vc="1" uspid="239" ordinal="0" offset="295" sl="321" sc="17" el="321" ec="17" bec="0" bev="0" fileid="3" />
                <SequencePoint vc="1" uspid="240" ordinal="0" offset="296" sl="322" sc="21" el="322" ec="21" bec="0" bev="0" fileid="3" />
                <SequencePoint vc="1" uspid="241" ordinal="0" offset="323" sl="323" sc="21" el="323" ec="21" bec="0" bev="0" fileid="3" />
                <SequencePoint vc="1" uspid="242" ordinal="0" offset="330" sl="324" sc="21" el="324" ec="21" bec="0" bev="0" fileid="3" />
                <SequencePoint vc="1752" uspid="243" ordinal="0" offset="338" sl="326" sc="22" el="326" ec="22" bec="0" bev="0" fileid="3" />
                <SequencePoint vc="0" uspid="244" ordinal="0" offset="353" sl="327" sc="17" el="327" ec="17" bec="0" bev="0" fileid="3" />
                <SequencePoint vc="0" uspid="245" ordinal="0" offset="354" sl="328" sc="21" el="328" ec="21" bec="0" bev="0" fileid="3" />
                <SequencePoint vc="0" uspid="246" ordinal="0" offset="381" sl="329" sc="21" el="329" ec="21" bec="0" bev="0" fileid="3" />
                <SequencePoint vc="0" uspid="247" ordinal="0" offset="388" sl="330" sc="21" el="330" ec="21" bec="0" bev="0" fileid="3" />
                <SequencePoint vc="1752" uspid="248" ordinal="0" offset="396" sl="332" sc="13" el="332" ec="13" bec="0" bev="0" fileid="3" />
                <SequencePoint vc="1752" uspid="249" ordinal="0" offset="397" sl="290" sc="36" el="290" ec="36" bec="0" bev="0" fileid="3" />
                <SequencePoint vc="2103" uspid="250" ordinal="0" offset="401" sl="290" sc="29" el="290" ec="29" bec="0" bev="0" fileid="3" />
                <SequencePoint vc="350" uspid="251" ordinal="0" offset="418" sl="333" sc="9" el="333" ec="9" bec="0" bev="0" fileid="3" />
                <SequencePoint vc="350" uspid="252" ordinal="0" offset="419" sl="286" sc="32" el="286" ec="32" bec="0" bev="0" fileid="3" />
                <SequencePoint vc="421" uspid="253" ordinal="0" offset="423" sl="286" sc="25" el="286" ec="25" bec="0" bev="0" fileid="3" />
                <SequencePoint vc="70" uspid="254" ordinal="0" offset="440" sl="336" sc="14" el="336" ec="14" bec="0" bev="0" fileid="3" />
                <SequencePoint vc="346" uspid="255" ordinal="0" offset="448" sl="337" sc="9" el="337" ec="9" bec="0" bev="0" fileid="3" />
                <SequencePoint vc="346" uspid="256" ordinal="0" offset="449" sl="338" sc="13" el="338" ec="13" bec="0" bev="0" fileid="3" />
                <SequencePoint vc="346" uspid="257" ordinal="0" offset="451" sl="340" sc="18" el="340" ec="18" bec="0" bev="0" fileid="3" />
                <SequencePoint vc="1728" uspid="258" ordinal="0" offset="459" sl="341" sc="13" el="341" ec="13" bec="0" bev="0" fileid="3" />
                <SequencePoint vc="1728" uspid="259" ordinal="0" offset="460" sl="343" sc="17" el="343" ec="17" bec="0" bev="0" fileid="3" />
                <SequencePoint vc="1728" uspid="260" ordinal="0" offset="477" sl="346" sc="17" el="346" ec="17" bec="0" bev="0" fileid="3" />
                <SequencePoint vc="6" uspid="261" ordinal="0" offset="498" sl="347" sc="17" el="347" ec="17" bec="0" bev="0" fileid="3" />
                <SequencePoint vc="6" uspid="262" ordinal="0" offset="499" sl="348" sc="21" el="348" ec="21" bec="0" bev="0" fileid="3" />
                <SequencePoint vc="6" uspid="263" ordinal="0" offset="501" sl="350" sc="17" el="350" ec="17" bec="0" bev="0" fileid="3" />
                <SequencePoint vc="1722" uspid="264" ordinal="0" offset="504" sl="351" sc="22" el="351" ec="22" bec="0" bev="0" fileid="3" />
                <SequencePoint vc="18" uspid="265" ordinal="0" offset="525" sl="352" sc="17" el="352" ec="17" bec="0" bev="0" fileid="3" />
                <SequencePoint vc="18" uspid="266" ordinal="0" offset="526" sl="353" sc="21" el="353" ec="21" bec="0" bev="0" fileid="3" />
                <SequencePoint vc="18" uspid="267" ordinal="0" offset="528" sl="354" sc="17" el="354" ec="17" bec="0" bev="0" fileid="3" />
                <SequencePoint vc="1728" uspid="268" ordinal="0" offset="529" sl="357" sc="17" el="357" ec="17" bec="0" bev="0" fileid="3" />
                <SequencePoint vc="9" uspid="269" ordinal="0" offset="540" sl="358" sc="17" el="358" ec="17" bec="0" bev="0" fileid="3" />
                <SequencePoint vc="9" uspid="270" ordinal="0" offset="541" sl="359" sc="21" el="359" ec="21" bec="0" bev="0" fileid="3" />
                <SequencePoint vc="9" uspid="271" ordinal="0" offset="545" sl="360" sc="17" el="360" ec="17" bec="0" bev="0" fileid="3" />
                <SequencePoint vc="1719" uspid="272" ordinal="0" offset="548" sl="361" sc="22" el="361" ec="22" bec="0" bev="0" fileid="3" />
                <SequencePoint vc="18" uspid="273" ordinal="0" offset="559" sl="362" sc="17" el="362" ec="17" bec="0" bev="0" fileid="3" />
                <SequencePoint vc="18" uspid="274" ordinal="0" offset="560" sl="363" sc="21" el="363" ec="21" bec="0" bev="0" fileid="3" />
                <SequencePoint vc="18" uspid="275" ordinal="0" offset="564" sl="364" sc="17" el="364" ec="17" bec="0" bev="0" fileid="3" />
                <SequencePoint vc="1728" uspid="276" ordinal="0" offset="565" sl="367" sc="17" el="367" ec="17" bec="0" bev="0" fileid="3" />
                <SequencePoint vc="1" uspid="277" ordinal="0" offset="579" sl="368" sc="17" el="368" ec="17" bec="0" bev="0" fileid="3" />
                <SequencePoint vc="1" uspid="278" ordinal="0" offset="580" sl="369" sc="21" el="369" ec="21" bec="0" bev="0" fileid="3" />
                <SequencePoint vc="1" uspid="279" ordinal="0" offset="608" sl="370" sc="21" el="370" ec="21" bec="0" bev="0" fileid="3" />
                <SequencePoint vc="1" uspid="280" ordinal="0" offset="615" sl="371" sc="21" el="371" ec="21" bec="0" bev="0" fileid="3" />
                <SequencePoint vc="1727" uspid="281" ordinal="0" offset="623" sl="373" sc="22" el="373" ec="22" bec="0" bev="0" fileid="3" />
                <SequencePoint vc="0" uspid="282" ordinal="0" offset="638" sl="374" sc="17" el="374" ec="17" bec="0" bev="0" fileid="3" />
                <SequencePoint vc="0" uspid="283" ordinal="0" offset="639" sl="375" sc="21" el="375" ec="21" bec="0" bev="0" fileid="3" />
                <SequencePoint vc="0" uspid="284" ordinal="0" offset="667" sl="376" sc="21" el="376" ec="21" bec="0" bev="0" fileid="3" />
                <SequencePoint vc="0" uspid="285" ordinal="0" offset="674" sl="377" sc="21" el="377" ec="21" bec="0" bev="0" fileid="3" />
                <SequencePoint vc="1727" uspid="286" ordinal="0" offset="682" sl="379" sc="13" el="379" ec="13" bec="0" bev="0" fileid="3" />
                <SequencePoint vc="1727" uspid="287" ordinal="0" offset="683" sl="340" sc="36" el="340" ec="36" bec="0" bev="0" fileid="3" />
                <SequencePoint vc="2073" uspid="288" ordinal="0" offset="689" sl="340" sc="29" el="340" ec="29" bec="0" bev="0" fileid="3" />
                <SequencePoint vc="345" uspid="289" ordinal="0" offset="707" sl="380" sc="9" el="380" ec="9" bec="0" bev="0" fileid="3" />
                <SequencePoint vc="345" uspid="290" ordinal="0" offset="708" sl="336" sc="32" el="336" ec="32" bec="0" bev="0" fileid="3" />
                <SequencePoint vc="415" uspid="291" ordinal="0" offset="714" sl="336" sc="25" el="336" ec="25" bec="0" bev="0" fileid="3" />
                <SequencePoint vc="69" uspid="292" ordinal="0" offset="732" sl="383" sc="14" el="383" ec="14" bec="0" bev="0" fileid="3" />
                <SequencePoint vc="341" uspid="293" ordinal="0" offset="740" sl="384" sc="9" el="384" ec="9" bec="0" bev="0" fileid="3" />
                <SequencePoint vc="341" uspid="294" ordinal="0" offset="741" sl="385" sc="18" el="385" ec="18" bec="0" bev="0" fileid="3" />
                <SequencePoint vc="1701" uspid="295" ordinal="0" offset="749" sl="386" sc="13" el="386" ec="13" bec="0" bev="0" fileid="3" />
                <SequencePoint vc="1701" uspid="296" ordinal="0" offset="750" sl="387" sc="17" el="387" ec="17" bec="0" bev="0" fileid="3" />
                <SequencePoint vc="1701" uspid="297" ordinal="0" offset="752" sl="388" sc="17" el="388" ec="17" bec="0" bev="0" fileid="3" />
                <SequencePoint vc="1" uspid="298" ordinal="0" offset="770" sl="389" sc="17" el="389" ec="17" bec="0" bev="0" fileid="3" />
                <SequencePoint vc="1" uspid="299" ordinal="0" offset="771" sl="390" sc="21" el="390" ec="21" bec="0" bev="0" fileid="3" />
                <SequencePoint vc="1" uspid="300" ordinal="0" offset="863" sl="391" sc="21" el="391" ec="21" bec="0" bev="0" fileid="3" />
                <SequencePoint vc="1" uspid="301" ordinal="0" offset="884" sl="392" sc="21" el="392" ec="21" bec="0" bev="0" fileid="3" />
                <SequencePoint vc="1700" uspid="302" ordinal="0" offset="892" sl="394" sc="13" el="394" ec="13" bec="0" bev="0" fileid="3" />
                <SequencePoint vc="1700" uspid="303" ordinal="0" offset="893" sl="385" sc="36" el="385" ec="36" bec="0" bev="0" fileid="3" />
                <SequencePoint vc="2041" uspid="304" ordinal="0" offset="899" sl="385" sc="29" el="385" ec="29" bec="0" bev="0" fileid="3" />
                <SequencePoint vc="340" uspid="305" ordinal="0" offset="917" sl="395" sc="9" el="395" ec="9" bec="0" bev="0" fileid="3" />
                <SequencePoint vc="340" uspid="306" ordinal="0" offset="918" sl="383" sc="32" el="383" ec="32" bec="0" bev="0" fileid="3" />
                <SequencePoint vc="409" uspid="307" ordinal="0" offset="924" sl="383" sc="25" el="383" ec="25" bec="0" bev="0" fileid="3" />
                <SequencePoint vc="68" uspid="308" ordinal="0" offset="942" sl="398" sc="14" el="398" ec="14" bec="0" bev="0" fileid="3" />
                <SequencePoint vc="336" uspid="309" ordinal="0" offset="950" sl="399" sc="9" el="399" ec="9" bec="0" bev="0" fileid="3" />
                <SequencePoint vc="336" uspid="310" ordinal="0" offset="951" sl="400" sc="18" el="400" ec="18" bec="0" bev="0" fileid="3" />
                <SequencePoint vc="1678" uspid="311" ordinal="0" offset="959" sl="401" sc="13" el="401" ec="13" bec="0" bev="0" fileid="3" />
                <SequencePoint vc="1678" uspid="312" ordinal="0" offset="960" sl="402" sc="17" el="402" ec="17" bec="0" bev="0" fileid="3" />
                <SequencePoint vc="1678" uspid="313" ordinal="0" offset="962" sl="403" sc="17" el="403" ec="17" bec="0" bev="0" fileid="3" />
                <SequencePoint vc="1" uspid="314" ordinal="0" offset="980" sl="404" sc="17" el="404" ec="17" bec="0" bev="0" fileid="3" />
                <SequencePoint vc="1" uspid="315" ordinal="0" offset="981" sl="405" sc="21" el="405" ec="21" bec="0" bev="0" fileid="3" />
                <SequencePoint vc="1" uspid="316" ordinal="0" offset="1073" sl="406" sc="21" el="406" ec="21" bec="0" bev="0" fileid="3" />
                <SequencePoint vc="1" uspid="317" ordinal="0" offset="1094" sl="407" sc="21" el="407" ec="21" bec="0" bev="0" fileid="3" />
                <SequencePoint vc="1677" uspid="318" ordinal="0" offset="1102" sl="409" sc="13" el="409" ec="13" bec="0" bev="0" fileid="3" />
                <SequencePoint vc="1677" uspid="319" ordinal="0" offset="1103" sl="400" sc="36" el="400" ec="36" bec="0" bev="0" fileid="3" />
                <SequencePoint vc="2013" uspid="320" ordinal="0" offset="1109" sl="400" sc="29" el="400" ec="29" bec="0" bev="0" fileid="3" />
                <SequencePoint vc="335" uspid="321" ordinal="0" offset="1127" sl="410" sc="9" el="410" ec="9" bec="0" bev="0" fileid="3" />
                <SequencePoint vc="335" uspid="322" ordinal="0" offset="1128" sl="398" sc="32" el="398" ec="32" bec="0" bev="0" fileid="3" />
                <SequencePoint vc="403" uspid="323" ordinal="0" offset="1134" sl="398" sc="25" el="398" ec="25" bec="0" bev="0" fileid="3" />
                <SequencePoint vc="67" uspid="324" ordinal="0" offset="1152" sl="412" sc="9" el="412" ec="9" bec="0" bev="0" fileid="3" />
                <SequencePoint vc="67" uspid="325" ordinal="0" offset="1154" sl="413" sc="14" el="413" ec="14" bec="0" bev="0" fileid="3" />
                <SequencePoint vc="335" uspid="326" ordinal="0" offset="1159" sl="414" sc="9" el="414" ec="9" bec="0" bev="0" fileid="3" />
                <SequencePoint vc="335" uspid="327" ordinal="0" offset="1160" sl="415" sc="18" el="415" ec="18" bec="0" bev="0" fileid="3" />
                <SequencePoint vc="1675" uspid="328" ordinal="0" offset="1165" sl="416" sc="13" el="416" ec="13" bec="0" bev="0" fileid="3" />
                <SequencePoint vc="1675" uspid="329" ordinal="0" offset="1166" sl="417" sc="17" el="417" ec="17" bec="0" bev="0" fileid="3" />
                <SequencePoint vc="18" uspid="330" ordinal="0" offset="1190" sl="418" sc="17" el="418" ec="17" bec="0" bev="0" fileid="3" />
                <SequencePoint vc="18" uspid="331" ordinal="0" offset="1191" sl="419" sc="21" el="419" ec="21" bec="0" bev="0" fileid="3" />
                <SequencePoint vc="18" uspid="332" ordinal="0" offset="1195" sl="420" sc="17" el="420" ec="17" bec="0" bev="0" fileid="3" />
                <SequencePoint vc="1675" uspid="333" ordinal="0" offset="1196" sl="421" sc="13" el="421" ec="13" bec="0" bev="0" fileid="3" />
                <SequencePoint vc="1675" uspid="334" ordinal="0" offset="1197" sl="415" sc="36" el="415" ec="36" bec="0" bev="0" fileid="3" />
                <SequencePoint vc="2010" uspid="335" ordinal="0" offset="1203" sl="415" sc="29" el="415" ec="29" bec="0" bev="0" fileid="3" />
                <SequencePoint vc="335" uspid="336" ordinal="0" offset="1218" sl="422" sc="9" el="422" ec="9" bec="0" bev="0" fileid="3" />
                <SequencePoint vc="335" uspid="337" ordinal="0" offset="1219" sl="413" sc="32" el="413" ec="32" bec="0" bev="0" fileid="3" />
                <SequencePoint vc="402" uspid="338" ordinal="0" offset="1225" sl="413" sc="25" el="413" ec="25" bec="0" bev="0" fileid="3" />
                <SequencePoint vc="67" uspid="339" ordinal="0" offset="1240" sl="423" sc="9" el="423" ec="9" bec="0" bev="0" fileid="3" />
                <SequencePoint vc="0" uspid="340" ordinal="0" offset="1260" sl="424" sc="9" el="424" ec="9" bec="0" bev="0" fileid="3" />
                <SequencePoint vc="0" uspid="341" ordinal="0" offset="1261" sl="425" sc="13" el="425" ec="13" bec="0" bev="0" fileid="3" />
                <SequencePoint vc="0" uspid="342" ordinal="0" offset="1269" sl="426" sc="13" el="426" ec="13" bec="0" bev="0" fileid="3" />
                <SequencePoint vc="67" uspid="343" ordinal="0" offset="1274" sl="429" sc="9" el="429" ec="9" bec="0" bev="0" fileid="3" />
                <SequencePoint vc="71" uspid="344" ordinal="0" offset="1279" sl="430" sc="5" el="430" ec="5" bec="0" bev="0" fileid="3" />
              </SequencePoints>
              <BranchPoints />
            </Method>
            <Method visited="true" cyclomaticComplexity="0" nPathComplexity="0" sequenceCoverage="100.0" branchCoverage="0" crapScore="0" isConstructor="false" isStatic="false" isGetter="false" isSetter="false">
              <Summary numSequencePoints="4" visitedSequencePoints="4" numBranchPoints="0" visitedBranchPoints="0" sequenceCoverage="100.0" branchCoverage="0" maxCyclomaticComplexity="0" minCyclomaticComplexity="0" maxCrapScore="0" minCrapScore="0" visitedClasses="0" numClasses="0" visitedMethods="1" numMethods="1" />
              <MetadataToken>100663319</MetadataToken>
              <Name>System.Int32 GridManager::PlayerTurn()</Name>
              <FileRef uid="3" />
              <SequencePoints>
                <SequencePoint vc="1" uspid="345" ordinal="0" offset="0" sl="435" sc="5" el="435" ec="5" bec="0" bev="0" fileid="3" />
                <SequencePoint vc="1" uspid="346" ordinal="0" offset="1" sl="436" sc="9" el="436" ec="9" bec="0" bev="0" fileid="3" />
                <SequencePoint vc="1" uspid="347" ordinal="0" offset="13" sl="437" sc="9" el="437" ec="9" bec="0" bev="0" fileid="3" />
                <SequencePoint vc="1" uspid="348" ordinal="0" offset="23" sl="438" sc="5" el="438" ec="5" bec="0" bev="0" fileid="3" />
              </SequencePoints>
              <BranchPoints />
            </Method>
            <Method visited="false" cyclomaticComplexity="0" nPathComplexity="0" sequenceCoverage="0.0" branchCoverage="0" crapScore="0" isConstructor="false" isStatic="false" isGetter="false" isSetter="false">
              <Summary numSequencePoints="8" visitedSequencePoints="0" numBranchPoints="0" visitedBranchPoints="0" sequenceCoverage="0.0" branchCoverage="0" maxCyclomaticComplexity="0" minCyclomaticComplexity="0" maxCrapScore="0" minCrapScore="0" visitedClasses="0" numClasses="0" visitedMethods="0" numMethods="1" />
              <MetadataToken>100663320</MetadataToken>
              <Name>UnityEngine.GameObject GridManager::CastRay()</Name>
              <FileRef uid="3" />
              <SequencePoints>
                <SequencePoint vc="0" uspid="349" ordinal="0" offset="0" sl="441" sc="0" el="441" ec="0" bec="0" bev="0" fileid="3" />
                <SequencePoint vc="0" uspid="350" ordinal="0" offset="1" sl="442" sc="0" el="442" ec="0" bec="0" bev="0" fileid="3" />
                <SequencePoint vc="0" uspid="351" ordinal="0" offset="17" sl="444" sc="0" el="444" ec="0" bec="0" bev="0" fileid="3" />
                <SequencePoint vc="0" uspid="352" ordinal="0" offset="34" sl="445" sc="0" el="445" ec="0" bec="0" bev="0" fileid="3" />
                <SequencePoint vc="0" uspid="353" ordinal="0" offset="35" sl="446" sc="0" el="446" ec="0" bec="0" bev="0" fileid="3" />
                <SequencePoint vc="0" uspid="354" ordinal="0" offset="55" sl="447" sc="0" el="447" ec="0" bec="0" bev="0" fileid="3" />
                <SequencePoint vc="0" uspid="355" ordinal="0" offset="70" sl="449" sc="0" el="449" ec="0" bec="0" bev="0" fileid="3" />
                <SequencePoint vc="0" uspid="356" ordinal="0" offset="74" sl="450" sc="0" el="450" ec="0" bec="0" bev="0" fileid="3" />
              </SequencePoints>
              <BranchPoints />
            </Method>
            <Method visited="true" cyclomaticComplexity="0" nPathComplexity="0" sequenceCoverage="10.00" branchCoverage="0" crapScore="0" isConstructor="false" isStatic="false" isGetter="false" isSetter="false">
              <Summary numSequencePoints="30" visitedSequencePoints="3" numBranchPoints="0" visitedBranchPoints="0" sequenceCoverage="10.00" branchCoverage="0" maxCyclomaticComplexity="0" minCyclomaticComplexity="0" maxCrapScore="0" minCrapScore="0" visitedClasses="0" numClasses="0" visitedMethods="1" numMethods="1" />
              <MetadataToken>100663321</MetadataToken>
              <Name>System.Void GridManager::CheckWin(System.Boolean)</Name>
              <FileRef uid="3" />
              <SequencePoints>
                <SequencePoint vc="67" uspid="357" ordinal="0" offset="0" sl="453" sc="5" el="453" ec="5" bec="0" bev="0" fileid="3" />
                <SequencePoint vc="67" uspid="358" ordinal="0" offset="1" sl="454" sc="9" el="454" ec="9" bec="0" bev="0" fileid="3" />
                <SequencePoint vc="0" uspid="359" ordinal="0" offset="9" sl="455" sc="9" el="455" ec="9" bec="0" bev="0" fileid="3" />
                <SequencePoint vc="0" uspid="360" ordinal="0" offset="10" sl="456" sc="13" el="456" ec="13" bec="0" bev="0" fileid="3" />
                <SequencePoint vc="0" uspid="361" ordinal="0" offset="21" sl="457" sc="18" el="457" ec="18" bec="0" bev="0" fileid="3" />
                <SequencePoint vc="0" uspid="362" ordinal="0" offset="25" sl="458" sc="13" el="458" ec="13" bec="0" bev="0" fileid="3" />
                <SequencePoint vc="0" uspid="363" ordinal="0" offset="26" sl="459" sc="17" el="459" ec="17" bec="0" bev="0" fileid="3" />
                <SequencePoint vc="0" uspid="364" ordinal="0" offset="46" sl="460" sc="13" el="460" ec="13" bec="0" bev="0" fileid="3" />
                <SequencePoint vc="0" uspid="365" ordinal="0" offset="47" sl="457" sc="53" el="457" ec="53" bec="0" bev="0" fileid="3" />
                <SequencePoint vc="0" uspid="366" ordinal="0" offset="51" sl="457" sc="29" el="457" ec="29" bec="0" bev="0" fileid="3" />
                <SequencePoint vc="0" uspid="367" ordinal="0" offset="61" sl="462" sc="13" el="462" ec="13" bec="0" bev="0" fileid="3" />
                <SequencePoint vc="0" uspid="368" ordinal="0" offset="76" sl="463" sc="13" el="463" ec="13" bec="0" bev="0" fileid="3" />
                <SequencePoint vc="0" uspid="369" ordinal="0" offset="77" sl="464" sc="17" el="464" ec="17" bec="0" bev="0" fileid="3" />
                <SequencePoint vc="0" uspid="370" ordinal="0" offset="88" sl="465" sc="17" el="465" ec="17" bec="0" bev="0" fileid="3" />
                <SequencePoint vc="0" uspid="371" ordinal="0" offset="99" sl="466" sc="17" el="466" ec="17" bec="0" bev="0" fileid="3" />
                <SequencePoint vc="0" uspid="372" ordinal="0" offset="110" sl="467" sc="13" el="467" ec="13" bec="0" bev="0" fileid="3" />
                <SequencePoint vc="0" uspid="373" ordinal="0" offset="113" sl="468" sc="18" el="468" ec="18" bec="0" bev="0" fileid="3" />
                <SequencePoint vc="0" uspid="374" ordinal="0" offset="128" sl="469" sc="13" el="469" ec="13" bec="0" bev="0" fileid="3" />
                <SequencePoint vc="0" uspid="375" ordinal="0" offset="129" sl="470" sc="17" el="470" ec="17" bec="0" bev="0" fileid="3" />
                <SequencePoint vc="0" uspid="376" ordinal="0" offset="140" sl="471" sc="17" el="471" ec="17" bec="0" bev="0" fileid="3" />
                <SequencePoint vc="0" uspid="377" ordinal="0" offset="151" sl="472" sc="17" el="472" ec="17" bec="0" bev="0" fileid="3" />
                <SequencePoint vc="0" uspid="378" ordinal="0" offset="162" sl="473" sc="13" el="473" ec="13" bec="0" bev="0" fileid="3" />
                <SequencePoint vc="0" uspid="379" ordinal="0" offset="165" sl="474" sc="18" el="474" ec="18" bec="0" bev="0" fileid="3" />
                <SequencePoint vc="0" uspid="380" ordinal="0" offset="181" sl="475" sc="13" el="475" ec="13" bec="0" bev="0" fileid="3" />
                <SequencePoint vc="0" uspid="381" ordinal="0" offset="182" sl="476" sc="17" el="476" ec="17" bec="0" bev="0" fileid="3" />
                <SequencePoint vc="0" uspid="382" ordinal="0" offset="193" sl="477" sc="17" el="477" ec="17" bec="0" bev="0" fileid="3" />
                <SequencePoint vc="0" uspid="383" ordinal="0" offset="204" sl="478" sc="17" el="478" ec="17" bec="0" bev="0" fileid="3" />
                <SequencePoint vc="0" uspid="384" ordinal="0" offset="215" sl="479" sc="13" el="479" ec="13" bec="0" bev="0" fileid="3" />
                <SequencePoint vc="0" uspid="385" ordinal="0" offset="216" sl="480" sc="9" el="480" ec="9" bec="0" bev="0" fileid="3" />
                <SequencePoint vc="67" uspid="386" ordinal="0" offset="217" sl="481" sc="5" el="481" ec="5" bec="0" bev="0" fileid="3" />
              </SequencePoints>
              <BranchPoints />
            </Method>
            <Method visited="false" cyclomaticComplexity="0" nPathComplexity="0" sequenceCoverage="0.0" branchCoverage="0" crapScore="0" isConstructor="false" isStatic="false" isGetter="false" isSetter="false">
              <Summary numSequencePoints="51" visitedSequencePoints="0" numBranchPoints="0" visitedBranchPoints="0" sequenceCoverage="0.0" branchCoverage="0" maxCyclomaticComplexity="0" minCyclomaticComplexity="0" maxCrapScore="0" minCrapScore="0" visitedClasses="0" numClasses="0" visitedMethods="0" numMethods="1" />
              <MetadataToken>100663322</MetadataToken>
              <Name>System.Void GridManager::EasyBot(UnityEngine.Vector3)</Name>
              <FileRef uid="3" />
              <SequencePoints>
                <SequencePoint vc="0" uspid="387" ordinal="0" offset="0" sl="484" sc="0" el="484" ec="0" bec="0" bev="0" fileid="3" />
                <SequencePoint vc="0" uspid="388" ordinal="0" offset="1" sl="485" sc="0" el="485" ec="0" bec="0" bev="0" fileid="3" />
                <SequencePoint vc="0" uspid="389" ordinal="0" offset="35" sl="486" sc="0" el="486" ec="0" bec="0" bev="0" fileid="3" />
                <SequencePoint vc="0" uspid="390" ordinal="0" offset="36" sl="487" sc="0" el="487" ec="0" bec="0" bev="0" fileid="3" />
                <SequencePoint vc="0" uspid="391" ordinal="0" offset="47" sl="490" sc="0" el="490" ec="0" bec="0" bev="0" fileid="3" />
                <SequencePoint vc="0" uspid="392" ordinal="0" offset="48" sl="491" sc="0" el="491" ec="0" bec="0" bev="0" fileid="3" />
                <SequencePoint vc="0" uspid="393" ordinal="0" offset="61" sl="492" sc="0" el="492" ec="0" bec="0" bev="0" fileid="3" />
                <SequencePoint vc="0" uspid="394" ordinal="0" offset="74" sl="493" sc="0" el="493" ec="0" bec="0" bev="0" fileid="3" />
                <SequencePoint vc="0" uspid="395" ordinal="0" offset="103" sl="494" sc="0" el="494" ec="0" bec="0" bev="0" fileid="3" />
                <SequencePoint vc="0" uspid="396" ordinal="0" offset="126" sl="496" sc="0" el="496" ec="0" bec="0" bev="0" fileid="3" />
                <SequencePoint vc="0" uspid="397" ordinal="0" offset="148" sl="497" sc="0" el="497" ec="0" bec="0" bev="0" fileid="3" />
                <SequencePoint vc="0" uspid="398" ordinal="0" offset="149" sl="498" sc="0" el="498" ec="0" bec="0" bev="0" fileid="3" />
                <SequencePoint vc="0" uspid="399" ordinal="0" offset="163" sl="499" sc="0" el="499" ec="0" bec="0" bev="0" fileid="3" />
                <SequencePoint vc="0" uspid="400" ordinal="0" offset="171" sl="502" sc="0" el="502" ec="0" bec="0" bev="0" fileid="3" />
                <SequencePoint vc="0" uspid="401" ordinal="0" offset="172" sl="503" sc="0" el="503" ec="0" bec="0" bev="0" fileid="3" />
                <SequencePoint vc="0" uspid="402" ordinal="0" offset="185" sl="504" sc="0" el="504" ec="0" bec="0" bev="0" fileid="3" />
                <SequencePoint vc="0" uspid="403" ordinal="0" offset="188" sl="505" sc="0" el="505" ec="0" bec="0" bev="0" fileid="3" />
                <SequencePoint vc="0" uspid="404" ordinal="0" offset="189" sl="506" sc="0" el="506" ec="0" bec="0" bev="0" fileid="3" />
                <SequencePoint vc="0" uspid="405" ordinal="0" offset="190" sl="508" sc="0" el="508" ec="0" bec="0" bev="0" fileid="3" />
                <SequencePoint vc="0" uspid="406" ordinal="0" offset="193" sl="510" sc="0" el="510" ec="0" bec="0" bev="0" fileid="3" />
                <SequencePoint vc="0" uspid="407" ordinal="0" offset="195" sl="512" sc="0" el="512" ec="0" bec="0" bev="0" fileid="3" />
                <SequencePoint vc="0" uspid="408" ordinal="0" offset="196" sl="489" sc="0" el="489" ec="0" bec="0" bev="0" fileid="3" />
                <SequencePoint vc="0" uspid="409" ordinal="0" offset="204" sl="513" sc="0" el="513" ec="0" bec="0" bev="0" fileid="3" />
                <SequencePoint vc="0" uspid="410" ordinal="0" offset="210" sl="514" sc="0" el="514" ec="0" bec="0" bev="0" fileid="3" />
                <SequencePoint vc="0" uspid="411" ordinal="0" offset="234" sl="515" sc="0" el="515" ec="0" bec="0" bev="0" fileid="3" />
                <SequencePoint vc="0" uspid="412" ordinal="0" offset="235" sl="516" sc="0" el="516" ec="0" bec="0" bev="0" fileid="3" />
                <SequencePoint vc="0" uspid="413" ordinal="0" offset="249" sl="517" sc="0" el="517" ec="0" bec="0" bev="0" fileid="3" />
                <SequencePoint vc="0" uspid="414" ordinal="0" offset="261" sl="518" sc="0" el="518" ec="0" bec="0" bev="0" fileid="3" />
                <SequencePoint vc="0" uspid="415" ordinal="0" offset="280" sl="519" sc="0" el="519" ec="0" bec="0" bev="0" fileid="3" />
                <SequencePoint vc="0" uspid="416" ordinal="0" offset="281" sl="520" sc="0" el="520" ec="0" bec="0" bev="0" fileid="3" />
[...]
                <SequencePoint vc="1" uspid="828" ordinal="0" offset="274" sl="54" sc="13" el="54" ec="13" bec="0" bev="0" fileid="9" />
                <SequencePoint vc="1" uspid="829" ordinal="0" offset="291" sl="56" sc="13" el="56" ec="13" bec="0" bev="0" fileid="9" />
                <SequencePoint vc="1" uspid="830" ordinal="0" offset="321" sl="58" sc="13" el="58" ec="13" bec="0" bev="0" fileid="9" />
                <SequencePoint vc="1" uspid="831" ordinal="0" offset="344" sl="59" sc="9" el="59" ec="9" bec="0" bev="0" fileid="9" />
              </SequencePoints>
              <BranchPoints />
            </Method>
          </Methods>
        </Class>
        <Class>
          <Summary numSequencePoints="16" visitedSequencePoints="16" numBranchPoints="0" visitedBranchPoints="0" sequenceCoverage="100.0" branchCoverage="0.0" maxCyclomaticComplexity="0" minCyclomaticComplexity="0" maxCrapScore="0" minCrapScore="0" visitedClasses="1" numClasses="1" visitedMethods="1" numMethods="1" />
          <FullName>Tests.TestSuite/&lt;TestIsO&gt;d__2</FullName>
          <Methods>
            <Method visited="true" cyclomaticComplexity="0" nPathComplexity="0" sequenceCoverage="100.0" branchCoverage="0" crapScore="0" isConstructor="false" isStatic="false" isGetter="false" isSetter="false">
              <Summary numSequencePoints="16" visitedSequencePoints="16" numBranchPoints="0" visitedBranchPoints="0" sequenceCoverage="100.0" branchCoverage="0" maxCyclomaticComplexity="0" minCyclomaticComplexity="0" maxCrapScore="0" minCrapScore="0" visitedClasses="0" numClasses="0" visitedMethods="1" numMethods="1" />
              <MetadataToken>100663319</MetadataToken>
              <Name>System.Boolean Tests.TestSuite/&lt;TestIsO&gt;d__2::MoveNext()</Name>
              <FileRef uid="9" />
              <SequencePoints>
                <SequencePoint vc="1" uspid="832" ordinal="0" offset="34" sl="63" sc="9" el="63" ec="9" bec="0" bev="0" fileid="9" />
                <SequencePoint vc="1" uspid="833" ordinal="0" offset="35" sl="64" sc="13" el="64" ec="13" bec="0" bev="0" fileid="9" />
                <SequencePoint vc="1" uspid="834" ordinal="0" offset="51" sl="65" sc="13" el="65" ec="13" bec="0" bev="0" fileid="9" />
                <SequencePoint vc="1" uspid="835" ordinal="0" offset="67" sl="66" sc="13" el="66" ec="13" bec="0" bev="0" fileid="9" />
                <SequencePoint vc="1" uspid="836" ordinal="0" offset="83" sl="68" sc="13" el="68" ec="13" bec="0" bev="0" fileid="9" />
                <SequencePoint vc="1" uspid="837" ordinal="0" offset="109" sl="69" sc="13" el="69" ec="13" bec="0" bev="0" fileid="9" />
                <SequencePoint vc="1" uspid="838" ordinal="0" offset="135" sl="70" sc="13" el="70" ec="13" bec="0" bev="0" fileid="9" />
                <SequencePoint vc="1" uspid="839" ordinal="0" offset="161" sl="71" sc="13" el="71" ec="13" bec="0" bev="0" fileid="9" />
                <SequencePoint vc="1" uspid="840" ordinal="0" offset="187" sl="72" sc="13" el="72" ec="13" bec="0" bev="0" fileid="9" />
                <SequencePoint vc="1" uspid="841" ordinal="0" offset="213" sl="74" sc="13" el="74" ec="13" bec="0" bev="0" fileid="9" />
                <SequencePoint vc="1" uspid="842" ordinal="0" offset="225" sl="76" sc="13" el="76" ec="13" bec="0" bev="0" fileid="9" />
                <SequencePoint vc="1" uspid="843" ordinal="0" offset="251" sl="78" sc="13" el="78" ec="13" bec="0" bev="0" fileid="9" />
                <SequencePoint vc="1" uspid="844" ordinal="0" offset="274" sl="80" sc="13" el="80" ec="13" bec="0" bev="0" fileid="9" />
                <SequencePoint vc="1" uspid="845" ordinal="0" offset="291" sl="82" sc="13" el="82" ec="13" bec="0" bev="0" fileid="9" />
                <SequencePoint vc="1" uspid="846" ordinal="0" offset="321" sl="84" sc="13" el="84" ec="13" bec="0" bev="0" fileid="9" />
                <SequencePoint vc="1" uspid="847" ordinal="0" offset="344" sl="85" sc="9" el="85" ec="9" bec="0" bev="0" fileid="9" />
              </SequencePoints>
              <BranchPoints />
            </Method>
          </Methods>
        </Class>
        <Class>
          <Summary numSequencePoints="19" visitedSequencePoints="19" numBranchPoints="0" visitedBranchPoints="0" sequenceCoverage="100.0" branchCoverage="0.0" maxCyclomaticComplexity="0" minCyclomaticComplexity="0" maxCrapScore="0" minCrapScore="0" visitedClasses="1" numClasses="1" visitedMethods="1" numMethods="1" />
          <FullName>Tests.TestSuite/&lt;TestWinVertical&gt;d__3</FullName>
          <Methods>
            <Method visited="true" cyclomaticComplexity="0" nPathComplexity="0" sequenceCoverage="100.0" branchCoverage="0" crapScore="0" isConstructor="false" isStatic="false" isGetter="false" isSetter="false">
              <Summary numSequencePoints="19" visitedSequencePoints="19" numBranchPoints="0" visitedBranchPoints="0" sequenceCoverage="100.0" branchCoverage="0" maxCyclomaticComplexity="0" minCyclomaticComplexity="0" maxCrapScore="0" minCrapScore="0" visitedClasses="0" numClasses="0" visitedMethods="1" numMethods="1" />
              <MetadataToken>100663325</MetadataToken>
              <Name>System.Boolean Tests.TestSuite/&lt;TestWinVertical&gt;d__3::MoveNext()</Name>
              <FileRef uid="9" />
              <SequencePoints>
                <SequencePoint vc="1" uspid="848" ordinal="0" offset="34" sl="89" sc="9" el="89" ec="9" bec="0" bev="0" fileid="9" />
                <SequencePoint vc="1" uspid="849" ordinal="0" offset="35" sl="90" sc="13" el="90" ec="13" bec="0" bev="0" fileid="9" />
                <SequencePoint vc="1" uspid="850" ordinal="0" offset="51" sl="91" sc="13" el="91" ec="13" bec="0" bev="0" fileid="9" />
                <SequencePoint vc="1" uspid="851" ordinal="0" offset="67" sl="92" sc="13" el="92" ec="13" bec="0" bev="0" fileid="9" />
                <SequencePoint vc="1" uspid="852" ordinal="0" offset="83" sl="94" sc="13" el="94" ec="13" bec="0" bev="0" fileid="9" />
                <SequencePoint vc="1" uspid="853" ordinal="0" offset="109" sl="95" sc="13" el="95" ec="13" bec="0" bev="0" fileid="9" />
                <SequencePoint vc="1" uspid="854" ordinal="0" offset="135" sl="96" sc="13" el="96" ec="13" bec="0" bev="0" fileid="9" />
                <SequencePoint vc="1" uspid="855" ordinal="0" offset="161" sl="97" sc="13" el="97" ec="13" bec="0" bev="0" fileid="9" />
                <SequencePoint vc="1" uspid="856" ordinal="0" offset="187" sl="98" sc="13" el="98" ec="13" bec="0" bev="0" fileid="9" />
                <SequencePoint vc="1" uspid="857" ordinal="0" offset="213" sl="100" sc="13" el="100" ec="13" bec="0" bev="0" fileid="9" />
                <SequencePoint vc="1" uspid="858" ordinal="0" offset="225" sl="102" sc="13" el="102" ec="13" bec="0" bev="0" fileid="9" />
                <SequencePoint vc="1" uspid="859" ordinal="0" offset="251" sl="103" sc="13" el="103" ec="13" bec="0" bev="0" fileid="9" />
                <SequencePoint vc="1" uspid="860" ordinal="0" offset="277" sl="104" sc="13" el="104" ec="13" bec="0" bev="0" fileid="9" />
                <SequencePoint vc="1" uspid="861" ordinal="0" offset="303" sl="106" sc="13" el="106" ec="13" bec="0" bev="0" fileid="9" />
                <SequencePoint vc="1" uspid="862" ordinal="0" offset="326" sl="107" sc="13" el="107" ec="13" bec="0" bev="0" fileid="9" />
                <SequencePoint vc="1" uspid="863" ordinal="0" offset="349" sl="108" sc="13" el="108" ec="13" bec="0" bev="0" fileid="9" />
                <SequencePoint vc="1" uspid="864" ordinal="0" offset="372" sl="110" sc="13" el="110" ec="13" bec="0" bev="0" fileid="9" />
                <SequencePoint vc="1" uspid="865" ordinal="0" offset="389" sl="112" sc="13" el="112" ec="13" bec="0" bev="0" fileid="9" />
                <SequencePoint vc="1" uspid="866" ordinal="0" offset="412" sl="113" sc="9" el="113" ec="9" bec="0" bev="0" fileid="9" />
              </SequencePoints>
              <BranchPoints />
            </Method>
          </Methods>
        </Class>
        <Class>
          <Summary numSequencePoints="19" visitedSequencePoints="19" numBranchPoints="0" visitedBranchPoints="0" sequenceCoverage="100.0" branchCoverage="0.0" maxCyclomaticComplexity="0" minCyclomaticComplexity="0" maxCrapScore="0" minCrapScore="0" visitedClasses="1" numClasses="1" visitedMethods="1" numMethods="1" />
          <FullName>Tests.TestSuite/&lt;TestWinHorizontal&gt;d__4</FullName>
          <Methods>
            <Method visited="true" cyclomaticComplexity="0" nPathComplexity="0" sequenceCoverage="100.0" branchCoverage="0" crapScore="0" isConstructor="false" isStatic="false" isGetter="false" isSetter="false">
              <Summary numSequencePoints="19" visitedSequencePoints="19" numBranchPoints="0" visitedBranchPoints="0" sequenceCoverage="100.0" branchCoverage="0" maxCyclomaticComplexity="0" minCyclomaticComplexity="0" maxCrapScore="0" minCrapScore="0" visitedClasses="0" numClasses="0" visitedMethods="1" numMethods="1" />
              <MetadataToken>100663331</MetadataToken>
              <Name>System.Boolean Tests.TestSuite/&lt;TestWinHorizontal&gt;d__4::MoveNext()</Name>
              <FileRef uid="9" />
              <SequencePoints>
                <SequencePoint vc="1" uspid="867" ordinal="0" offset="34" sl="117" sc="9" el="117" ec="9" bec="0" bev="0" fileid="9" />
                <SequencePoint vc="1" uspid="868" ordinal="0" offset="35" sl="118" sc="13" el="118" ec="13" bec="0" bev="0" fileid="9" />
                <SequencePoint vc="1" uspid="869" ordinal="0" offset="51" sl="119" sc="13" el="119" ec="13" bec="0" bev="0" fileid="9" />
                <SequencePoint vc="1" uspid="870" ordinal="0" offset="67" sl="120" sc="13" el="120" ec="13" bec="0" bev="0" fileid="9" />
                <SequencePoint vc="1" uspid="871" ordinal="0" offset="83" sl="122" sc="13" el="122" ec="13" bec="0" bev="0" fileid="9" />
                <SequencePoint vc="1" uspid="872" ordinal="0" offset="109" sl="123" sc="13" el="123" ec="13" bec="0" bev="0" fileid="9" />
                <SequencePoint vc="1" uspid="873" ordinal="0" offset="135" sl="124" sc="13" el="124" ec="13" bec="0" bev="0" fileid="9" />
                <SequencePoint vc="1" uspid="874" ordinal="0" offset="161" sl="125" sc="13" el="125" ec="13" bec="0" bev="0" fileid="9" />
                <SequencePoint vc="1" uspid="875" ordinal="0" offset="187" sl="126" sc="13" el="126" ec="13" bec="0" bev="0" fileid="9" />
                <SequencePoint vc="1" uspid="876" ordinal="0" offset="213" sl="128" sc="13" el="128" ec="13" bec="0" bev="0" fileid="9" />
                <SequencePoint vc="1" uspid="877" ordinal="0" offset="225" sl="130" sc="13" el="130" ec="13" bec="0" bev="0" fileid="9" />
                <SequencePoint vc="1" uspid="878" ordinal="0" offset="251" sl="131" sc="13" el="131" ec="13" bec="0" bev="0" fileid="9" />
                <SequencePoint vc="1" uspid="879" ordinal="0" offset="277" sl="132" sc="13" el="132" ec="13" bec="0" bev="0" fileid="9" />
                <SequencePoint vc="1" uspid="880" ordinal="0" offset="303" sl="134" sc="13" el="134" ec="13" bec="0" bev="0" fileid="9" />
                <SequencePoint vc="1" uspid="881" ordinal="0" offset="326" sl="135" sc="13" el="135" ec="13" bec="0" bev="0" fileid="9" />
                <SequencePoint vc="1" uspid="882" ordinal="0" offset="349" sl="136" sc="13" el="136" ec="13" bec="0" bev="0" fileid="9" />
                <SequencePoint vc="1" uspid="883" ordinal="0" offset="372" sl="138" sc="13" el="138" ec="13" bec="0" bev="0" fileid="9" />
                <SequencePoint vc="1" uspid="884" ordinal="0" offset="389" sl="140" sc="13" el="140" ec="13" bec="0" bev="0" fileid="9" />
                <SequencePoint vc="1" uspid="885" ordinal="0" offset="412" sl="141" sc="9" el="141" ec="9" bec="0" bev="0" fileid="9" />
              </SequencePoints>
              <BranchPoints />
            </Method>
          </Methods>
        </Class>
        <Class>
          <Summary numSequencePoints="19" visitedSequencePoints="19" numBranchPoints="0" visitedBranchPoints="0" sequenceCoverage="100.0" branchCoverage="0.0" maxCyclomaticComplexity="0" minCyclomaticComplexity="0" maxCrapScore="0" minCrapScore="0" visitedClasses="1" numClasses="1" visitedMethods="1" numMethods="1" />
          <FullName>Tests.TestSuite/&lt;TestWinDiagonal&gt;d__5</FullName>
          <Methods>
            <Method visited="true" cyclomaticComplexity="0" nPathComplexity="0" sequenceCoverage="100.0" branchCoverage="0" crapScore="0" isConstructor="false" isStatic="false" isGetter="false" isSetter="false">
              <Summary numSequencePoints="19" visitedSequencePoints="19" numBranchPoints="0" visitedBranchPoints="0" sequenceCoverage="100.0" branchCoverage="0" maxCyclomaticComplexity="0" minCyclomaticComplexity="0" maxCrapScore="0" minCrapScore="0" visitedClasses="0" numClasses="0" visitedMethods="1" numMethods="1" />
              <MetadataToken>100663337</MetadataToken>
              <Name>System.Boolean Tests.TestSuite/&lt;TestWinDiagonal&gt;d__5::MoveNext()</Name>
              <FileRef uid="9" />
              <SequencePoints>
                <SequencePoint vc="1" uspid="886" ordinal="0" offset="34" sl="145" sc="9" el="145" ec="9" bec="0" bev="0" fileid="9" />
                <SequencePoint vc="1" uspid="887" ordinal="0" offset="35" sl="146" sc="13" el="146" ec="13" bec="0" bev="0" fileid="9" />
                <SequencePoint vc="1" uspid="888" ordinal="0" offset="51" sl="147" sc="13" el="147" ec="13" bec="0" bev="0" fileid="9" />
                <SequencePoint vc="1" uspid="889" ordinal="0" offset="67" sl="148" sc="13" el="148" ec="13" bec="0" bev="0" fileid="9" />
                <SequencePoint vc="1" uspid="890" ordinal="0" offset="83" sl="150" sc="13" el="150" ec="13" bec="0" bev="0" fileid="9" />
                <SequencePoint vc="1" uspid="891" ordinal="0" offset="109" sl="151" sc="13" el="151" ec="13" bec="0" bev="0" fileid="9" />
                <SequencePoint vc="1" uspid="892" ordinal="0" offset="135" sl="152" sc="13" el="152" ec="13" bec="0" bev="0" fileid="9" />
                <SequencePoint vc="1" uspid="893" ordinal="0" offset="161" sl="153" sc="13" el="153" ec="13" bec="0" bev="0" fileid="9" />
                <SequencePoint vc="1" uspid="894" ordinal="0" offset="187" sl="154" sc="13" el="154" ec="13" bec="0" bev="0" fileid="9" />
                <SequencePoint vc="1" uspid="895" ordinal="0" offset="213" sl="156" sc="13" el="156" ec="13" bec="0" bev="0" fileid="9" />
                <SequencePoint vc="1" uspid="896" ordinal="0" offset="225" sl="158" sc="13" el="158" ec="13" bec="0" bev="0" fileid="9" />
                <SequencePoint vc="1" uspid="897" ordinal="0" offset="251" sl="159" sc="13" el="159" ec="13" bec="0" bev="0" fileid="9" />
                <SequencePoint vc="1" uspid="898" ordinal="0" offset="277" sl="160" sc="13" el="160" ec="13" bec="0" bev="0" fileid="9" />
                <SequencePoint vc="1" uspid="899" ordinal="0" offset="303" sl="162" sc="13" el="162" ec="13" bec="0" bev="0" fileid="9" />
                <SequencePoint vc="1" uspid="900" ordinal="0" offset="326" sl="163" sc="13" el="163" ec="13" bec="0" bev="0" fileid="9" />
                <SequencePoint vc="1" uspid="901" ordinal="0" offset="349" sl="164" sc="13" el="164" ec="13" bec="0" bev="0" fileid="9" />
                <SequencePoint vc="1" uspid="902" ordinal="0" offset="372" sl="166" sc="13" el="166" ec="13" bec="0" bev="0" fileid="9" />
                <SequencePoint vc="1" uspid="903" ordinal="0" offset="389" sl="168" sc="13" el="168" ec="13" bec="0" bev="0" fileid="9" />
                <SequencePoint vc="1" uspid="904" ordinal="0" offset="412" sl="169" sc="9" el="169" ec="9" bec="0" bev="0" fileid="9" />
              </SequencePoints>
              <BranchPoints />
            </Method>
          </Methods>
        </Class>
        <Class>
          <Summary numSequencePoints="19" visitedSequencePoints="19" numBranchPoints="0" visitedBranchPoints="0" sequenceCoverage="100.0" branchCoverage="0.0" maxCyclomaticComplexity="0" minCyclomaticComplexity="0" maxCrapScore="0" minCrapScore="0" visitedClasses="1" numClasses="1" visitedMethods="1" numMethods="1" />
          <FullName>Tests.TestSuite/&lt;TestWinCounterDiagonal&gt;d__6</FullName>
          <Methods>
            <Method visited="true" cyclomaticComplexity="0" nPathComplexity="0" sequenceCoverage="100.0" branchCoverage="0" crapScore="0" isConstructor="false" isStatic="false" isGetter="false" isSetter="false">
              <Summary numSequencePoints="19" visitedSequencePoints="19" numBranchPoints="0" visitedBranchPoints="0" sequenceCoverage="100.0" branchCoverage="0" maxCyclomaticComplexity="0" minCyclomaticComplexity="0" maxCrapScore="0" minCrapScore="0" visitedClasses="0" numClasses="0" visitedMethods="1" numMethods="1" />
              <MetadataToken>100663343</MetadataToken>
              <Name>System.Boolean Tests.TestSuite/&lt;TestWinCounterDiagonal&gt;d__6::MoveNext()</Name>
              <FileRef uid="9" />
              <SequencePoints>
                <SequencePoint vc="1" uspid="905" ordinal="0" offset="34" sl="173" sc="9" el="173" ec="9" bec="0" bev="0" fileid="9" />
                <SequencePoint vc="1" uspid="906" ordinal="0" offset="35" sl="174" sc="13" el="174" ec="13" bec="0" bev="0" fileid="9" />
                <SequencePoint vc="1" uspid="907" ordinal="0" offset="51" sl="175" sc="13" el="175" ec="13" bec="0" bev="0" fileid="9" />
                <SequencePoint vc="1" uspid="908" ordinal="0" offset="67" sl="176" sc="13" el="176" ec="13" bec="0" bev="0" fileid="9" />
                <SequencePoint vc="1" uspid="909" ordinal="0" offset="83" sl="178" sc="13" el="178" ec="13" bec="0" bev="0" fileid="9" />
                <SequencePoint vc="1" uspid="910" ordinal="0" offset="109" sl="179" sc="13" el="179" ec="13" bec="0" bev="0" fileid="9" />
                <SequencePoint vc="1" uspid="911" ordinal="0" offset="135" sl="180" sc="13" el="180" ec="13" bec="0" bev="0" fileid="9" />
                <SequencePoint vc="1" uspid="912" ordinal="0" offset="161" sl="181" sc="13" el="181" ec="13" bec="0" bev="0" fileid="9" />
                <SequencePoint vc="1" uspid="913" ordinal="0" offset="187" sl="182" sc="13" el="182" ec="13" bec="0" bev="0" fileid="9" />
                <SequencePoint vc="1" uspid="914" ordinal="0" offset="213" sl="184" sc="13" el="184" ec="13" bec="0" bev="0" fileid="9" />
                <SequencePoint vc="1" uspid="915" ordinal="0" offset="225" sl="186" sc="13" el="186" ec="13" bec="0" bev="0" fileid="9" />
                <SequencePoint vc="1" uspid="916" ordinal="0" offset="251" sl="187" sc="13" el="187" ec="13" bec="0" bev="0" fileid="9" />
                <SequencePoint vc="1" uspid="917" ordinal="0" offset="277" sl="188" sc="13" el="188" ec="13" bec="0" bev="0" fileid="9" />
                <SequencePoint vc="1" uspid="918" ordinal="0" offset="303" sl="190" sc="13" el="190" ec="13" bec="0" bev="0" fileid="9" />
                <SequencePoint vc="1" uspid="919" ordinal="0" offset="326" sl="191" sc="13" el="191" ec="13" bec="0" bev="0" fileid="9" />
                <SequencePoint vc="1" uspid="920" ordinal="0" offset="349" sl="192" sc="13" el="192" ec="13" bec="0" bev="0" fileid="9" />
                <SequencePoint vc="1" uspid="921" ordinal="0" offset="372" sl="194" sc="13" el="194" ec="13" bec="0" bev="0" fileid="9" />
                <SequencePoint vc="1" uspid="922" ordinal="0" offset="389" sl="196" sc="13" el="196" ec="13" bec="0" bev="0" fileid="9" />
                <SequencePoint vc="1" uspid="923" ordinal="0" offset="412" sl="197" sc="9" el="197" ec="9" bec="0" bev="0" fileid="9" />
              </SequencePoints>
              <BranchPoints />
            </Method>
          </Methods>
        </Class>
      </Classes>
    </Module>
  </Modules>
</CoverageSession>